#
# There is insufficient memory for the Java Runtime Environment to continue.
# Native memory allocation (mmap) failed to map 56623104 bytes for Failed to commit area from 0x0000000090b00000 to 0x0000000094100000 of length 56623104.
# Possible reasons:
#   The system is out of physical RAM or swap space
#   The process is running with CompressedOops enabled, and the Java Heap may be blocking the growth of the native heap
# Possible solutions:
#   Reduce memory load on the system
#   Increase physical memory or swap space
#   Check if swap backing store is full
#   Decrease Java heap size (-Xmx/-Xms)
#   Decrease number of Java threads
#   Decrease Java thread stack sizes (-Xss)
#   Set larger code cache with -XX:ReservedCodeCacheSize=
#   JVM is running with Unscaled Compressed Oops mode in which the Java heap is
#     placed in the first 4GB address space. The Java Heap base address is the
#     maximum limit for the native heap growth. Please use -XX:HeapBaseMinAddress
#     to set the Java Heap base and to place the Java Heap above 4GB virtual address.
# This output file may be truncated or incomplete.
#
#  Out of Memory Error (./src/hotspot/os/windows/os_windows.cpp:3301), pid=7568, tid=12516
#
# JRE version: OpenJDK Runtime Environment (11.0.11+9) (build 11.0.11+9-b60-7590822)
# Java VM: OpenJDK 64-Bit Server VM (11.0.11+9-b60-7590822, mixed mode, tiered, compressed oops, g1 gc, windows-amd64)
# No core dump will be written. Minidumps are not enabled by default on client versions of Windows
#

---------------  S U M M A R Y ------------

Command Line: --add-opens=java.base/java.util=ALL-UNNAMED --add-opens=java.base/java.lang=ALL-UNNAMED --add-opens=java.base/java.lang.invoke=ALL-UNNAMED --add-opens=java.base/java.util=ALL-UNNAMED --add-opens=java.prefs/java.util.prefs=ALL-UNNAMED --add-opens=java.prefs/java.util.prefs=ALL-UNNAMED --add-opens=java.base/java.nio.charset=ALL-UNNAMED --add-opens=java.base/java.net=ALL-UNNAMED --add-opens=java.base/java.util.concurrent.atomic=ALL-UNNAMED -Xmx2048m -Dfile.encoding=UTF-8 -Duser.country=GB -Duser.language=en -Duser.variant org.gradle.launcher.daemon.bootstrap.GradleDaemon 7.2

Host: Intel(R) Core(TM) i7-4600U CPU @ 2.10GHz, 4 cores, 7G,  Windows 10 , 64 bit Build 19041 (10.0.19041.1566)
Time: Wed Mar 30 19:15:52 2022 GMT Summer Time elapsed time: 12293.870641 seconds (0d 3h 24m 53s)

---------------  T H R E A D  ---------------

Current thread (0x000001e3042c2800):  VMThread "VM Thread" [stack: 0x000000393b500000,0x000000393b600000] [id=12516]

Stack: [0x000000393b500000,0x000000393b600000]
[error occurred during error reporting (printing stack bounds), id 0xc0000005, EXCEPTION_ACCESS_VIOLATION (0xc0000005) at pc=0x000001e36d980f2d]

Native frames: (J=compiled Java code, j=interpreted, Vv=VM code, C=native code)
V  [jvm.dll+0x5f214a]
V  [jvm.dll+0x726fb5]
V  [jvm.dll+0x7285cd]
V  [jvm.dll+0x728be5]
V  [jvm.dll+0x728b9b]
V  [jvm.dll+0x5f14e8]
V  [jvm.dll+0x5f1c78]
C  [ntdll.dll+0xa20cf]
C  [ntdll.dll+0x51454]
C  [ntdll.dll+0xa0bfe]
C  0x000001e36d980f2d

VM_Operation (0x000000393ddf9800): G1CollectForAllocation, mode: safepoint, requested by thread 0x000001e30c7ac800


---------------  P R O C E S S  ---------------

Threads class SMR info:
_java_thread_list=0x000001e30853bca0, length=92, elements={
0x000001e36856e000, 0x000001e3042c4800, 0x000001e3042c6000, 0x000001e3042de000,
0x000001e3042df000, 0x000001e3042e1800, 0x000001e3042e4800, 0x000001e3042e9000,
0x000001e3042f4000, 0x000001e304d94000, 0x000001e306320800, 0x000001e304ffc000,
0x000001e307922800, 0x000001e306e68000, 0x000001e306e69800, 0x000001e306e67000,
0x000001e306e6b800, 0x000001e306e6c000, 0x000001e306e66800, 0x000001e306e6d000,
0x000001e307421800, 0x000001e307421000, 0x000001e307425000, 0x000001e307426000,
0x000001e30acc3000, 0x000001e30c7a5000, 0x000001e30c7a3800, 0x000001e30c7a6000,
0x000001e30c7a7000, 0x000001e30c7a1000, 0x000001e30c7a2000, 0x000001e30c7a8800,
0x000001e30c7a3000, 0x000001e30c7ab000, 0x000001e30c7ad800, 0x000001e30c7a9800,
0x000001e30c7aa000, 0x000001e30c7a7800, 0x000001e30c7ae000, 0x000001e30c7ac000,
0x000001e30c7ac800, 0x000001e30c7af000, 0x000001e30c7b0000, 0x000001e308c10800,
0x000001e308c10000, 0x000001e308c0b000, 0x000001e308c11800, 0x000001e308c0b800,
0x000001e308c0d800, 0x000001e308c12800, 0x000001e308c0c800, 0x000001e308c13000,
0x000001e308c0e000, 0x000001e308c18000, 0x000001e308c14000, 0x000001e308c19000,
0x000001e308c19800, 0x000001e308c14800, 0x000001e308c17000, 0x000001e308c15800,
0x000001e308c16800, 0x000001e30acbd800, 0x000001e30acb8800, 0x000001e30acbc800,
0x000001e30acbe000, 0x000001e30acbf000, 0x000001e30acb9800, 0x000001e30acbb000,
0x000001e30acba000, 0x000001e30acc0000, 0x000001e30acc0800, 0x000001e30acc1800,
0x000001e30acbb800, 0x000001e30acc4800, 0x000001e30acc7000, 0x000001e30acc2000,
0x000001e30acc5800, 0x000001e30acc6800, 0x000001e307427800, 0x000001e307422800,
0x000001e307428800, 0x000001e307429000, 0x000001e307424000, 0x000001e307423800,
0x000001e30742c800, 0x000001e30742a000, 0x000001e30742b800, 0x000001e307426800,
0x000001e30742e000, 0x000001e306e69000, 0x000001e306e6a800, 0x000001e30742a800
}

Java Threads: ( => current thread )
  0x000001e36856e000 JavaThread "main" [_thread_blocked, id=2632, stack(0x000000393af00000,0x000000393b000000)]
  0x000001e3042c4800 JavaThread "Reference Handler" daemon [_thread_blocked, id=8068, stack(0x000000393b600000,0x000000393b700000)]
  0x000001e3042c6000 JavaThread "Finalizer" daemon [_thread_blocked, id=14344, stack(0x000000393b700000,0x000000393b800000)]
  0x000001e3042de000 JavaThread "Signal Dispatcher" daemon [_thread_blocked, id=6760, stack(0x000000393b800000,0x000000393b900000)]
  0x000001e3042df000 JavaThread "Attach Listener" daemon [_thread_blocked, id=13968, stack(0x000000393b900000,0x000000393ba00000)]
  0x000001e3042e1800 JavaThread "Service Thread" daemon [_thread_blocked, id=1912, stack(0x000000393ba00000,0x000000393bb00000)]
  0x000001e3042e4800 JavaThread "C2 CompilerThread0" daemon [_thread_blocked, id=13876, stack(0x000000393bb00000,0x000000393bc00000)]
  0x000001e3042e9000 JavaThread "C1 CompilerThread0" daemon [_thread_blocked, id=7332, stack(0x000000393bc00000,0x000000393bd00000)]
  0x000001e3042f4000 JavaThread "Sweeper thread" daemon [_thread_blocked, id=3020, stack(0x000000393bd00000,0x000000393be00000)]
  0x000001e304d94000 JavaThread "Common-Cleaner" daemon [_thread_blocked, id=3028, stack(0x000000393be00000,0x000000393bf00000)]
  0x000001e306320800 JavaThread "Daemon health stats" [_thread_blocked, id=14564, stack(0x000000393c300000,0x000000393c400000)]
  0x000001e304ffc000 JavaThread "Incoming local TCP Connector on port 58605" [_thread_in_native, id=7772, stack(0x000000393c000000,0x000000393c100000)]
  0x000001e307922800 JavaThread "Daemon periodic checks" [_thread_blocked, id=4724, stack(0x000000393c400000,0x000000393c500000)]
  0x000001e306e68000 JavaThread "Cache worker for journal cache (C:\Users\DELL\.gradle\caches\journal-1)" [_thread_blocked, id=10116, stack(0x000000393cc00000,0x000000393cd00000)]
  0x000001e306e69800 JavaThread "File lock request listener" [_thread_in_native, id=15164, stack(0x000000393cd00000,0x000000393ce00000)]
  0x000001e306e67000 JavaThread "Cache worker for file hash cache (C:\Users\DELL\.gradle\caches\7.2\fileHashes)" [_thread_blocked, id=10492, stack(0x000000393cf00000,0x000000393d000000)]
  0x000001e306e6b800 JavaThread "File watcher server" daemon [_thread_blocked, id=788, stack(0x000000393d200000,0x000000393d300000)]
  0x000001e306e6c000 JavaThread "File watcher consumer" daemon [_thread_blocked, id=3564, stack(0x000000393d300000,0x000000393d400000)]
  0x000001e306e66800 JavaThread "jar transforms" [_thread_blocked, id=2180, stack(0x000000393d400000,0x000000393d500000)]
  0x000001e306e6d000 JavaThread "jar transforms Thread 2" [_thread_blocked, id=248, stack(0x000000393d500000,0x000000393d600000)]
  0x000001e307421800 JavaThread "jar transforms Thread 3" [_thread_blocked, id=9384, stack(0x000000393d600000,0x000000393d700000)]
  0x000001e307421000 JavaThread "jar transforms Thread 4" [_thread_blocked, id=4672, stack(0x000000393d700000,0x000000393d800000)]
  0x000001e307425000 JavaThread "Cache worker for execution history cache (C:\Users\DELL\.gradle\caches\7.2\executionHistory)" [_thread_blocked, id=13244, stack(0x000000393db00000,0x000000393dc00000)]
  0x000001e307426000 JavaThread "Cache worker for file content cache (C:\Users\DELL\.gradle\caches\7.2\fileContent)" [_thread_blocked, id=9452, stack(0x000000393d100000,0x000000393d200000)]
  0x000001e30acc3000 JavaThread "Memory manager" [_thread_blocked, id=10540, stack(0x0000003940700000,0x0000003940800000)]
  0x000001e30c7a5000 JavaThread "Daemon Thread 6" [_thread_blocked, id=7840, stack(0x000000393ac00000,0x000000393ad00000)]
  0x000001e30c7a3800 JavaThread "Handler for socket connection from /127.0.0.1:58605 to /127.0.0.1:56078" [_thread_in_native, id=12532, stack(0x000000393ad00000,0x000000393ae00000)]
  0x000001e30c7a6000 JavaThread "Cancel handler" [_thread_blocked, id=14404, stack(0x000000393ae00000,0x000000393af00000)]
  0x000001e30c7a7000 JavaThread "Daemon worker Thread 6" [_thread_blocked, id=5248, stack(0x000000393c500000,0x000000393c600000)]
  0x000001e30c7a1000 JavaThread "Asynchronous log dispatcher for DefaultDaemonConnection: socket connection from /127.0.0.1:58605 to /127.0.0.1:56078" [_thread_blocked, id=9172, stack(0x000000393c600000,0x000000393c700000)]
  0x000001e30c7a2000 JavaThread "Stdin handler" [_thread_blocked, id=13972, stack(0x000000393c700000,0x000000393c800000)]
  0x000001e30c7a8800 JavaThread "Daemon client event forwarder" [_thread_blocked, id=5384, stack(0x000000393c800000,0x000000393c900000)]
  0x000001e30c7a3000 JavaThread "Cache worker for file hash cache (C:\Users\DELL\Desktop\Josue\BSC2-0921-Semester2\MobileApp1\GithubRepoApp\.gradle\7.2\fileHashes)" [_thread_blocked, id=8208, stack(0x000000393c900000,0x000000393ca00000)]
  0x000001e30c7ab000 JavaThread "Cache worker for checksums cache (C:\Users\DELL\Desktop\Josue\BSC2-0921-Semester2\MobileApp1\GithubRepoApp\.gradle\checksums)" [_thread_blocked, id=13816, stack(0x000000393ca00000,0x000000393cb00000)]
  0x000001e30c7ad800 JavaThread "Cache worker for cache directory md-supplier (C:\Users\DELL\.gradle\caches\7.2\md-supplier)" [_thread_blocked, id=2920, stack(0x000000393cb00000,0x000000393cc00000)]
  0x000001e30c7a9800 JavaThread "Cache worker for cache directory md-rule (C:\Users\DELL\.gradle\caches\7.2\md-rule)" [_thread_blocked, id=9400, stack(0x000000393d000000,0x000000393d100000)]
  0x000001e30c7aa000 JavaThread "Cache worker for dependencies-accessors (C:\Users\DELL\Desktop\Josue\BSC2-0921-Semester2\MobileApp1\GithubRepoApp\.gradle\7.2\dependencies-accessors)" [_thread_blocked, id=11956, stack(0x000000393d800000,0x000000393d900000)]
  0x000001e30c7a7800 JavaThread "Cache worker for Build Output Cleanup Cache (C:\Users\DELL\Desktop\Josue\BSC2-0921-Semester2\MobileApp1\GithubRepoApp\.gradle\buildOutputCleanup)" [_thread_blocked, id=6684, stack(0x000000393d900000,0x000000393da00000)]
  0x000001e30c7ae000 JavaThread "Unconstrained build operations" [_thread_blocked, id=9552, stack(0x000000393da00000,0x000000393db00000)]
  0x000001e30c7ac000 JavaThread "Unconstrained build operations Thread 2" [_thread_blocked, id=14396, stack(0x000000393dc00000,0x000000393dd00000)]
  0x000001e30c7ac800 JavaThread "Unconstrained build operations Thread 3" [_thread_blocked, id=10212, stack(0x000000393dd00000,0x000000393de00000)]
  0x000001e30c7af000 JavaThread "Unconstrained build operations Thread 4" [_thread_blocked, id=4760, stack(0x000000393de00000,0x000000393df00000)]
  0x000001e30c7b0000 JavaThread "Unconstrained build operations Thread 5" [_thread_blocked, id=10024, stack(0x000000393df00000,0x000000393e000000)]
  0x000001e308c10800 JavaThread "Unconstrained build operations Thread 6" [_thread_blocked, id=7648, stack(0x000000393e000000,0x000000393e100000)]
  0x000001e308c10000 JavaThread "Unconstrained build operations Thread 7" [_thread_blocked, id=7732, stack(0x000000393e100000,0x000000393e200000)]
  0x000001e308c0b000 JavaThread "Unconstrained build operations Thread 8" [_thread_blocked, id=14348, stack(0x000000393e200000,0x000000393e300000)]
  0x000001e308c11800 JavaThread "Unconstrained build operations Thread 9" [_thread_blocked, id=2012, stack(0x000000393e300000,0x000000393e400000)]
  0x000001e308c0b800 JavaThread "Unconstrained build operations Thread 10" [_thread_blocked, id=10704, stack(0x000000393e400000,0x000000393e500000)]
  0x000001e308c0d800 JavaThread "Unconstrained build operations Thread 11" [_thread_blocked, id=2176, stack(0x000000393e500000,0x000000393e600000)]
  0x000001e308c12800 JavaThread "Unconstrained build operations Thread 12" [_thread_blocked, id=9416, stack(0x000000393e600000,0x000000393e700000)]
  0x000001e308c0c800 JavaThread "Unconstrained build operations Thread 13" [_thread_blocked, id=12828, stack(0x000000393e700000,0x000000393e800000)]
  0x000001e308c13000 JavaThread "Unconstrained build operations Thread 14" [_thread_blocked, id=2572, stack(0x000000393e800000,0x000000393e900000)]
  0x000001e308c0e000 JavaThread "Unconstrained build operations Thread 15" [_thread_blocked, id=12784, stack(0x000000393e900000,0x000000393ea00000)]
  0x000001e308c18000 JavaThread "Unconstrained build operations Thread 16" [_thread_blocked, id=11144, stack(0x000000393ea00000,0x000000393eb00000)]
  0x000001e308c14000 JavaThread "Unconstrained build operations Thread 17" [_thread_blocked, id=6352, stack(0x000000393eb00000,0x000000393ec00000)]
  0x000001e308c19000 JavaThread "Unconstrained build operations Thread 18" [_thread_blocked, id=2044, stack(0x000000393ec00000,0x000000393ed00000)]
  0x000001e308c19800 JavaThread "Unconstrained build operations Thread 19" [_thread_blocked, id=8624, stack(0x000000393ed00000,0x000000393ee00000)]
  0x000001e308c14800 JavaThread "Unconstrained build operations Thread 20" [_thread_blocked, id=10456, stack(0x000000393ee00000,0x000000393ef00000)]
  0x000001e308c17000 JavaThread "Unconstrained build operations Thread 21" [_thread_blocked, id=3864, stack(0x000000393ef00000,0x000000393f000000)]
  0x000001e308c15800 JavaThread "Unconstrained build operations Thread 22" [_thread_blocked, id=13184, stack(0x000000393f000000,0x000000393f100000)]
  0x000001e308c16800 JavaThread "Unconstrained build operations Thread 23" [_thread_blocked, id=8888, stack(0x000000393f100000,0x000000393f200000)]
  0x000001e30acbd800 JavaThread "Unconstrained build operations Thread 24" [_thread_blocked, id=11708, stack(0x000000393f200000,0x000000393f300000)]
  0x000001e30acb8800 JavaThread "Unconstrained build operations Thread 25" [_thread_blocked, id=11876, stack(0x000000393f300000,0x000000393f400000)]
  0x000001e30acbc800 JavaThread "Unconstrained build operations Thread 26" [_thread_blocked, id=10676, stack(0x000000393f400000,0x000000393f500000)]
  0x000001e30acbe000 JavaThread "Unconstrained build operations Thread 27" [_thread_blocked, id=12636, stack(0x000000393f500000,0x000000393f600000)]
  0x000001e30acbf000 JavaThread "Unconstrained build operations Thread 28" [_thread_blocked, id=7920, stack(0x000000393f600000,0x000000393f700000)]
  0x000001e30acb9800 JavaThread "Unconstrained build operations Thread 29" [_thread_blocked, id=13116, stack(0x000000393f700000,0x000000393f800000)]
  0x000001e30acbb000 JavaThread "Unconstrained build operations Thread 30" [_thread_blocked, id=8148, stack(0x000000393f800000,0x000000393f900000)]
  0x000001e30acba000 JavaThread "Unconstrained build operations Thread 31" [_thread_blocked, id=10512, stack(0x000000393f900000,0x000000393fa00000)]
  0x000001e30acc0000 JavaThread "Unconstrained build operations Thread 32" [_thread_blocked, id=14240, stack(0x000000393fa00000,0x000000393fb00000)]
  0x000001e30acc0800 JavaThread "Unconstrained build operations Thread 33" [_thread_blocked, id=7972, stack(0x000000393fb00000,0x000000393fc00000)]
  0x000001e30acc1800 JavaThread "Unconstrained build operations Thread 34" [_thread_blocked, id=10380, stack(0x000000393fc00000,0x000000393fd00000)]
  0x000001e30acbb800 JavaThread "Unconstrained build operations Thread 35" [_thread_blocked, id=13576, stack(0x000000393fd00000,0x000000393fe00000)]
  0x000001e30acc4800 JavaThread "Unconstrained build operations Thread 36" [_thread_blocked, id=9652, stack(0x000000393fe00000,0x000000393ff00000)]
  0x000001e30acc7000 JavaThread "Unconstrained build operations Thread 37" [_thread_blocked, id=11356, stack(0x000000393ff00000,0x0000003940000000)]
  0x000001e30acc2000 JavaThread "Unconstrained build operations Thread 38" [_thread_blocked, id=8828, stack(0x0000003940000000,0x0000003940100000)]
  0x000001e30acc5800 JavaThread "Unconstrained build operations Thread 39" [_thread_blocked, id=10496, stack(0x0000003940100000,0x0000003940200000)]
  0x000001e30acc6800 JavaThread "Unconstrained build operations Thread 40" [_thread_blocked, id=10716, stack(0x0000003940200000,0x0000003940300000)]
  0x000001e307427800 JavaThread "build event listener" [_thread_blocked, id=4056, stack(0x0000003940400000,0x0000003940500000)]
  0x000001e307422800 JavaThread "build event listener" [_thread_blocked, id=14524, stack(0x0000003940500000,0x0000003940600000)]
  0x000001e307428800 JavaThread "Execution worker for ':'" [_thread_blocked, id=10408, stack(0x0000003940600000,0x0000003940700000)]
  0x000001e307429000 JavaThread "Execution worker for ':' Thread 2" [_thread_blocked, id=1388, stack(0x0000003940800000,0x0000003940900000)]
  0x000001e307424000 JavaThread "Execution worker for ':' Thread 3" [_thread_blocked, id=2460, stack(0x0000003940900000,0x0000003940a00000)]
  0x000001e307423800 JavaThread "Cache worker for execution history cache (C:\Users\DELL\Desktop\Josue\BSC2-0921-Semester2\MobileApp1\GithubRepoApp\.gradle\7.2\executionHistory)" [_thread_blocked, id=13564, stack(0x0000003940a00000,0x0000003940b00000)]
  0x000001e30742c800 JavaThread "WorkerExecutor Queue Thread 2" [_thread_blocked, id=13364, stack(0x0000003940c00000,0x0000003940d00000)]
  0x000001e30742a000 JavaThread "WorkerExecutor Queue Thread 3" [_thread_blocked, id=14224, stack(0x0000003940b00000,0x0000003940c00000)]
  0x000001e30742b800 JavaThread "WorkerExecutor Queue Thread 4" [_thread_blocked, id=5908, stack(0x0000003940d00000,0x0000003940e00000)]
  0x000001e307426800 JavaThread "WorkerExecutor Queue Thread 5" [_thread_blocked, id=9540, stack(0x0000003940e00000,0x0000003940f00000)]
  0x000001e30742e000 JavaThread "pool-9-thread-1" [_thread_blocked, id=3796, stack(0x0000003941000000,0x0000003941100000)]
  0x000001e306e69000 JavaThread "stderr" [_thread_blocked, id=13760, stack(0x0000003941100000,0x0000003941200000)]
  0x000001e306e6a800 JavaThread "stdout" [_thread_in_native, id=11008, stack(0x0000003941200000,0x0000003941300000)]
  0x000001e30742a800 JavaThread "C2 CompilerThread1" daemon [_thread_in_native, id=4052, stack(0x0000003940300000,0x0000003940400000)]

Other Threads:
=>0x000001e3042c2800 VMThread "VM Thread" [stack: 0x000000393b500000,0x000000393b600000] [id=12516]
  0x000001e304ddd000 WatcherThread [stack: 0x000000393bf00000,0x000000393c000000] [id=8932]
  0x000001e3686a7800 GCTaskThread "GC Thread#0" [stack: 0x000000393b000000,0x000000393b100000] [id=1272]
  0x000001e305079000 GCTaskThread "GC Thread#1" [stack: 0x000000393c100000,0x000000393c200000] [id=14604]
  0x000001e305427800 GCTaskThread "GC Thread#2" [stack: 0x000000393c200000,0x000000393c300000] [id=13136]
  0x000001e305ff6800 GCTaskThread "GC Thread#3" [stack: 0x000000393ce00000,0x000000393cf00000] [id=10248]
  0x000001e3686d7800 ConcurrentGCThread "G1 Main Marker" [stack: 0x000000393b100000,0x000000393b200000] [id=13504]
  0x000001e3686d8800 ConcurrentGCThread "G1 Conc#0" [stack: 0x000000393b200000,0x000000393b300000] [id=13520]
  0x000001e36876a800 ConcurrentGCThread "G1 Refine#0" [stack: 0x000000393b300000,0x000000393b400000] [id=3520]
  0x000001e36876b800 ConcurrentGCThread "G1 Young RemSet Sampling" [stack: 0x000000393b400000,0x000000393b500000] [id=12820]

Threads with active compile tasks:
C2 CompilerThread012293921 27635 %     4       com.android.tools.r8.ir.regalloc.b::c @ 2135 (3939 bytes)
C1 CompilerThread012293921 27720 % !   3       com.android.tools.r8.dex.y::c @ 435 (2766 bytes)
C2 CompilerThread112293921 27566       4       com.android.tools.r8.graph.Y::a (1035 bytes)

VM state:at safepoint (normal execution)

VM Mutex/Monitor currently owned by a thread:  ([mutex/lock_event])
[0x000001e36856ba30] Threads_lock - owner thread: 0x000001e3042c2800
[0x000001e36856a320] Heap_lock - owner thread: 0x000001e30c7ac800

Heap address: 0x0000000080000000, size: 2048 MB, Compressed Oops mode: 32-bit
Narrow klass base: 0x0000000000000000, Narrow klass shift: 3
Compressed class space size: 1073741824 Address: 0x0000000100000000

Heap:
 garbage-first heap   total 328704K, used 153882K [0x0000000080000000, 0x0000000100000000)
  region size 1024K, 3 young (3072K), 3 survivors (3072K)
 Metaspace       used 146910K, capacity 150505K, committed 150548K, reserved 1181696K
  class space    used 18020K, capacity 19378K, committed 19404K, reserved 1048576K
Heap Regions: E=young(eden), S=young(survivor), O=old, HS=humongous(starts), HC=humongous(continues), CS=collection set, F=free, A=archive, TAMS=top-at-mark-start (previous, next)
|   0|0x0000000080000000, 0x0000000080100000, 0x0000000080100000|100%| O|  |TAMS 0x0000000080100000, 0x0000000080100000| Untracked 
|   1|0x0000000080100000, 0x0000000080200000, 0x0000000080200000|100%| O|  |TAMS 0x0000000080200000, 0x0000000080200000| Untracked 
|   2|0x0000000080200000, 0x0000000080300000, 0x0000000080300000|100%| O|  |TAMS 0x0000000080300000, 0x0000000080300000| Untracked 
|   3|0x0000000080300000, 0x0000000080400000, 0x0000000080400000|100%|HS|  |TAMS 0x0000000080400000, 0x0000000080400000| Complete 
|   4|0x0000000080400000, 0x0000000080500000, 0x0000000080500000|100%|HC|  |TAMS 0x0000000080500000, 0x0000000080500000| Complete 
|   5|0x0000000080500000, 0x0000000080600000, 0x0000000080600000|100%|HC|  |TAMS 0x0000000080600000, 0x0000000080600000| Complete 
|   6|0x0000000080600000, 0x0000000080700000, 0x0000000080700000|100%| O|  |TAMS 0x0000000080700000, 0x0000000080700000| Untracked 
|   7|0x0000000080700000, 0x0000000080800000, 0x0000000080800000|100%| O|  |TAMS 0x0000000080800000, 0x0000000080800000| Untracked 
|   8|0x0000000080800000, 0x0000000080900000, 0x0000000080900000|100%| O|  |TAMS 0x0000000080900000, 0x0000000080900000| Untracked 
|   9|0x0000000080900000, 0x0000000080a00000, 0x0000000080a00000|100%| O|  |TAMS 0x0000000080a00000, 0x0000000080a00000| Untracked 
|  10|0x0000000080a00000, 0x0000000080b00000, 0x0000000080b00000|100%|HS|  |TAMS 0x0000000080b00000, 0x0000000080b00000| Complete 
|  11|0x0000000080b00000, 0x0000000080c00000, 0x0000000080c00000|100%|HC|  |TAMS 0x0000000080c00000, 0x0000000080c00000| Complete 
|  12|0x0000000080c00000, 0x0000000080d00000, 0x0000000080d00000|100%|HS|  |TAMS 0x0000000080d00000, 0x0000000080d00000| Complete 
|  13|0x0000000080d00000, 0x0000000080e00000, 0x0000000080e00000|100%|HC|  |TAMS 0x0000000080e00000, 0x0000000080e00000| Complete 
|  14|0x0000000080e00000, 0x0000000080f00000, 0x0000000080f00000|100%|HC|  |TAMS 0x0000000080f00000, 0x0000000080f00000| Complete 
|  15|0x0000000080f00000, 0x0000000081000000, 0x0000000081000000|100%|HS|  |TAMS 0x0000000081000000, 0x0000000081000000| Complete 
|  16|0x0000000081000000, 0x0000000081100000, 0x0000000081100000|100%|HC|  |TAMS 0x0000000081100000, 0x0000000081100000| Complete 
|  17|0x0000000081100000, 0x0000000081200000, 0x0000000081200000|100%|HC|  |TAMS 0x0000000081200000, 0x0000000081200000| Complete 
|  18|0x0000000081200000, 0x0000000081300000, 0x0000000081300000|100%|HC|  |TAMS 0x0000000081300000, 0x0000000081300000| Complete 
|  19|0x0000000081300000, 0x0000000081400000, 0x0000000081400000|100%| O|  |TAMS 0x0000000081400000, 0x0000000081400000| Untracked 
|  20|0x0000000081400000, 0x0000000081500000, 0x0000000081500000|100%| O|  |TAMS 0x0000000081500000, 0x0000000081500000| Untracked 
|  21|0x0000000081500000, 0x0000000081600000, 0x0000000081600000|100%| O|  |TAMS 0x0000000081600000, 0x0000000081600000| Untracked 
|  22|0x0000000081600000, 0x0000000081700000, 0x0000000081700000|100%| O|  |TAMS 0x0000000081700000, 0x0000000081700000| Untracked 
|  23|0x0000000081700000, 0x0000000081800000, 0x0000000081800000|100%| O|  |TAMS 0x0000000081800000, 0x0000000081800000| Untracked 
|  24|0x0000000081800000, 0x0000000081900000, 0x0000000081900000|100%| O|  |TAMS 0x0000000081900000, 0x0000000081900000| Untracked 
|  25|0x0000000081900000, 0x0000000081a00000, 0x0000000081a00000|100%| O|  |TAMS 0x0000000081a00000, 0x0000000081a00000| Untracked 
|  26|0x0000000081a00000, 0x0000000081b00000, 0x0000000081b00000|100%|HS|  |TAMS 0x0000000081b00000, 0x0000000081b00000| Complete 
|  27|0x0000000081b00000, 0x0000000081c00000, 0x0000000081c00000|100%|HC|  |TAMS 0x0000000081c00000, 0x0000000081c00000| Complete 
|  28|0x0000000081c00000, 0x0000000081d00000, 0x0000000081d00000|100%|HC|  |TAMS 0x0000000081d00000, 0x0000000081d00000| Complete 
|  29|0x0000000081d00000, 0x0000000081e00000, 0x0000000081e00000|100%| O|  |TAMS 0x0000000081e00000, 0x0000000081e00000| Untracked 
|  30|0x0000000081e00000, 0x0000000081f00000, 0x0000000081f00000|100%| O|  |TAMS 0x0000000081f00000, 0x0000000081f00000| Untracked 
|  31|0x0000000081f00000, 0x0000000082000000, 0x0000000082000000|100%| O|  |TAMS 0x0000000082000000, 0x0000000082000000| Untracked 
|  32|0x0000000082000000, 0x0000000082100000, 0x0000000082100000|100%| O|  |TAMS 0x0000000082100000, 0x0000000082100000| Untracked 
|  33|0x0000000082100000, 0x0000000082200000, 0x0000000082200000|100%| O|  |TAMS 0x0000000082200000, 0x0000000082200000| Untracked 
|  34|0x0000000082200000, 0x0000000082300000, 0x0000000082300000|100%| O|  |TAMS 0x0000000082300000, 0x0000000082300000| Untracked 
|  35|0x0000000082300000, 0x0000000082400000, 0x0000000082400000|100%| O|  |TAMS 0x0000000082400000, 0x0000000082400000| Untracked 
|  36|0x0000000082400000, 0x0000000082500000, 0x0000000082500000|100%| O|  |TAMS 0x0000000082500000, 0x0000000082500000| Untracked 
|  37|0x0000000082500000, 0x0000000082600000, 0x0000000082600000|100%| O|  |TAMS 0x0000000082600000, 0x0000000082600000| Untracked 
|  38|0x0000000082600000, 0x0000000082700000, 0x0000000082700000|100%| O|  |TAMS 0x0000000082700000, 0x0000000082700000| Untracked 
|  39|0x0000000082700000, 0x0000000082800000, 0x0000000082800000|100%|HS|  |TAMS 0x0000000082800000, 0x0000000082800000| Complete 
|  40|0x0000000082800000, 0x0000000082900000, 0x0000000082900000|100%|HC|  |TAMS 0x0000000082900000, 0x0000000082900000| Complete 
|  41|0x0000000082900000, 0x0000000082a00000, 0x0000000082a00000|100%|HC|  |TAMS 0x0000000082a00000, 0x0000000082a00000| Complete 
|  42|0x0000000082a00000, 0x0000000082b00000, 0x0000000082b00000|100%|HC|  |TAMS 0x0000000082b00000, 0x0000000082b00000| Complete 
|  43|0x0000000082b00000, 0x0000000082c00000, 0x0000000082c00000|100%| O|  |TAMS 0x0000000082c00000, 0x0000000082c00000| Untracked 
|  44|0x0000000082c00000, 0x0000000082d00000, 0x0000000082d00000|100%| O|  |TAMS 0x0000000082d00000, 0x0000000082d00000| Untracked 
|  45|0x0000000082d00000, 0x0000000082e00000, 0x0000000082e00000|100%| O|  |TAMS 0x0000000082e00000, 0x0000000082e00000| Untracked 
|  46|0x0000000082e00000, 0x0000000082f00000, 0x0000000082f00000|100%| O|  |TAMS 0x0000000082f00000, 0x0000000082f00000| Untracked 
|  47|0x0000000082f00000, 0x0000000083000000, 0x0000000083000000|100%| O|  |TAMS 0x0000000083000000, 0x0000000083000000| Untracked 
|  48|0x0000000083000000, 0x0000000083100000, 0x0000000083100000|100%| O|  |TAMS 0x0000000083100000, 0x0000000083100000| Untracked 
|  49|0x0000000083100000, 0x0000000083200000, 0x0000000083200000|100%| O|  |TAMS 0x0000000083200000, 0x0000000083200000| Untracked 
|  50|0x0000000083200000, 0x0000000083300000, 0x0000000083300000|100%| O|  |TAMS 0x0000000083300000, 0x0000000083300000| Untracked 
|  51|0x0000000083300000, 0x0000000083400000, 0x0000000083400000|100%| O|  |TAMS 0x0000000083400000, 0x0000000083400000| Untracked 
|  52|0x0000000083400000, 0x0000000083500000, 0x0000000083500000|100%| O|  |TAMS 0x0000000083500000, 0x0000000083500000| Untracked 
|  53|0x0000000083500000, 0x0000000083600000, 0x0000000083600000|100%|HS|  |TAMS 0x0000000083600000, 0x0000000083600000| Complete 
|  54|0x0000000083600000, 0x0000000083700000, 0x0000000083700000|100%|HS|  |TAMS 0x0000000083700000, 0x0000000083700000| Complete 
|  55|0x0000000083700000, 0x0000000083800000, 0x0000000083800000|100%|HS|  |TAMS 0x0000000083800000, 0x0000000083800000| Complete 
|  56|0x0000000083800000, 0x0000000083900000, 0x0000000083900000|100%|HS|  |TAMS 0x0000000083900000, 0x0000000083900000| Complete 
|  57|0x0000000083900000, 0x0000000083a00000, 0x0000000083a00000|100%|HS|  |TAMS 0x0000000083a00000, 0x0000000083a00000| Complete 
|  58|0x0000000083a00000, 0x0000000083b00000, 0x0000000083b00000|100%|HC|  |TAMS 0x0000000083b00000, 0x0000000083b00000| Complete 
|  59|0x0000000083b00000, 0x0000000083c00000, 0x0000000083c00000|100%|HC|  |TAMS 0x0000000083c00000, 0x0000000083c00000| Complete 
|  60|0x0000000083c00000, 0x0000000083d00000, 0x0000000083d00000|100%|HS|  |TAMS 0x0000000083d00000, 0x0000000083d00000| Complete 
|  61|0x0000000083d00000, 0x0000000083e00000, 0x0000000083e00000|100%|HC|  |TAMS 0x0000000083e00000, 0x0000000083e00000| Complete 
|  62|0x0000000083e00000, 0x0000000083f00000, 0x0000000083f00000|100%| O|  |TAMS 0x0000000083f00000, 0x0000000083f00000| Untracked 
|  63|0x0000000083f00000, 0x0000000084000000, 0x0000000084000000|100%| O|  |TAMS 0x0000000084000000, 0x0000000084000000| Untracked 
|  64|0x0000000084000000, 0x0000000084100000, 0x0000000084100000|100%| O|  |TAMS 0x0000000084100000, 0x0000000084100000| Untracked 
|  65|0x0000000084100000, 0x0000000084200000, 0x0000000084200000|100%| O|  |TAMS 0x0000000084200000, 0x0000000084200000| Untracked 
|  66|0x0000000084200000, 0x0000000084300000, 0x0000000084300000|100%| O|  |TAMS 0x0000000084300000, 0x0000000084300000| Untracked 
|  67|0x0000000084300000, 0x0000000084400000, 0x0000000084400000|100%| O|  |TAMS 0x0000000084400000, 0x0000000084400000| Untracked 
|  68|0x0000000084400000, 0x0000000084500000, 0x0000000084500000|100%| O|  |TAMS 0x0000000084500000, 0x0000000084500000| Untracked 
|  69|0x0000000084500000, 0x0000000084600000, 0x0000000084600000|100%| O|  |TAMS 0x0000000084600000, 0x0000000084600000| Untracked 
|  70|0x0000000084600000, 0x0000000084700000, 0x0000000084700000|100%| O|  |TAMS 0x0000000084700000, 0x0000000084700000| Untracked 
|  71|0x0000000084700000, 0x0000000084800000, 0x0000000084800000|100%| O|  |TAMS 0x0000000084800000, 0x0000000084800000| Untracked 
|  72|0x0000000084800000, 0x0000000084900000, 0x0000000084900000|100%| O|  |TAMS 0x0000000084900000, 0x0000000084900000| Untracked 
|  73|0x0000000084900000, 0x0000000084a00000, 0x0000000084a00000|100%| O|  |TAMS 0x0000000084a00000, 0x0000000084a00000| Untracked 
|  74|0x0000000084a00000, 0x0000000084b00000, 0x0000000084b00000|100%| O|  |TAMS 0x0000000084b00000, 0x0000000084b00000| Untracked 
|  75|0x0000000084b00000, 0x0000000084c00000, 0x0000000084c00000|100%| O|  |TAMS 0x0000000084c00000, 0x0000000084c00000| Untracked 
|  76|0x0000000084c00000, 0x0000000084d00000, 0x0000000084d00000|100%| O|  |TAMS 0x0000000084d00000, 0x0000000084d00000| Untracked 
|  77|0x0000000084d00000, 0x0000000084e00000, 0x0000000084e00000|100%| O|  |TAMS 0x0000000084e00000, 0x0000000084e00000| Untracked 
|  78|0x0000000084e00000, 0x0000000084f00000, 0x0000000084f00000|100%| O|  |TAMS 0x0000000084f00000, 0x0000000084f00000| Untracked 
|  79|0x0000000084f00000, 0x0000000085000000, 0x0000000085000000|100%| O|  |TAMS 0x0000000085000000, 0x0000000085000000| Untracked 
|  80|0x0000000085000000, 0x0000000085100000, 0x0000000085100000|100%| O|  |TAMS 0x0000000085100000, 0x0000000085100000| Untracked 
|  81|0x0000000085100000, 0x0000000085200000, 0x0000000085200000|100%| O|  |TAMS 0x0000000085200000, 0x0000000085200000| Untracked 
|  82|0x0000000085200000, 0x0000000085300000, 0x0000000085300000|100%| O|  |TAMS 0x0000000085300000, 0x0000000085300000| Untracked 
|  83|0x0000000085300000, 0x0000000085400000, 0x0000000085400000|100%| O|  |TAMS 0x0000000085400000, 0x0000000085400000| Untracked 
|  84|0x0000000085400000, 0x0000000085500000, 0x0000000085500000|100%| O|  |TAMS 0x0000000085500000, 0x0000000085500000| Untracked 
|  85|0x0000000085500000, 0x0000000085600000, 0x0000000085600000|100%| O|  |TAMS 0x0000000085600000, 0x0000000085600000| Untracked 
|  86|0x0000000085600000, 0x0000000085700000, 0x0000000085700000|100%| O|  |TAMS 0x0000000085700000, 0x0000000085700000| Untracked 
|  87|0x0000000085700000, 0x0000000085800000, 0x0000000085800000|100%|HS|  |TAMS 0x0000000085800000, 0x0000000085800000| Complete 
|  88|0x0000000085800000, 0x0000000085900000, 0x0000000085900000|100%|HC|  |TAMS 0x0000000085900000, 0x0000000085900000| Complete 
|  89|0x0000000085900000, 0x0000000085a00000, 0x0000000085a00000|100%|HS|  |TAMS 0x0000000085a00000, 0x0000000085a00000| Complete 
|  90|0x0000000085a00000, 0x0000000085b00000, 0x0000000085b00000|100%|HC|  |TAMS 0x0000000085b00000, 0x0000000085b00000| Complete 
|  91|0x0000000085b00000, 0x0000000085c00000, 0x0000000085c00000|100%|HC|  |TAMS 0x0000000085c00000, 0x0000000085c00000| Complete 
|  92|0x0000000085c00000, 0x0000000085d00000, 0x0000000085d00000|100%|HS|  |TAMS 0x0000000085d00000, 0x0000000085d00000| Complete 
|  93|0x0000000085d00000, 0x0000000085e00000, 0x0000000085e00000|100%|HC|  |TAMS 0x0000000085e00000, 0x0000000085e00000| Complete 
|  94|0x0000000085e00000, 0x0000000085f00000, 0x0000000085f00000|100%|HC|  |TAMS 0x0000000085f00000, 0x0000000085f00000| Complete 
|  95|0x0000000085f00000, 0x0000000086000000, 0x0000000086000000|100%|HC|  |TAMS 0x0000000086000000, 0x0000000086000000| Complete 
|  96|0x0000000086000000, 0x0000000086100000, 0x0000000086100000|100%| O|  |TAMS 0x0000000086100000, 0x0000000086100000| Untracked 
|  97|0x0000000086100000, 0x0000000086200000, 0x0000000086200000|100%| O|  |TAMS 0x0000000086200000, 0x0000000086200000| Untracked 
|  98|0x0000000086200000, 0x0000000086300000, 0x0000000086300000|100%| O|  |TAMS 0x0000000086300000, 0x0000000086300000| Untracked 
|  99|0x0000000086300000, 0x0000000086400000, 0x0000000086400000|100%| O|  |TAMS 0x0000000086400000, 0x0000000086400000| Untracked 
| 100|0x0000000086400000, 0x0000000086500000, 0x0000000086500000|100%| O|  |TAMS 0x0000000086500000, 0x0000000086500000| Untracked 
| 101|0x0000000086500000, 0x0000000086600000, 0x0000000086600000|100%| O|  |TAMS 0x0000000086600000, 0x0000000086600000| Untracked 
| 102|0x0000000086600000, 0x0000000086700000, 0x0000000086700000|100%| O|  |TAMS 0x0000000086700000, 0x0000000086700000| Untracked 
| 103|0x0000000086700000, 0x0000000086800000, 0x0000000086800000|100%| O|  |TAMS 0x0000000086800000, 0x0000000086800000| Untracked 
| 104|0x0000000086800000, 0x0000000086900000, 0x0000000086900000|100%| O|  |TAMS 0x0000000086900000, 0x0000000086900000| Untracked 
| 105|0x0000000086900000, 0x0000000086a00000, 0x0000000086a00000|100%| O|  |TAMS 0x0000000086a00000, 0x0000000086a00000| Untracked 
| 106|0x0000000086a00000, 0x0000000086b00000, 0x0000000086b00000|100%| O|  |TAMS 0x0000000086b00000, 0x0000000086b00000| Untracked 
| 107|0x0000000086b00000, 0x0000000086c00000, 0x0000000086c00000|100%| O|  |TAMS 0x0000000086c00000, 0x0000000086c00000| Untracked 
| 108|0x0000000086c00000, 0x0000000086d00000, 0x0000000086d00000|100%| O|  |TAMS 0x0000000086d00000, 0x0000000086d00000| Untracked 
| 109|0x0000000086d00000, 0x0000000086e00000, 0x0000000086e00000|100%| O|  |TAMS 0x0000000086e00000, 0x0000000086e00000| Untracked 
| 110|0x0000000086e00000, 0x0000000086f00000, 0x0000000086f00000|100%| O|  |TAMS 0x0000000086f00000, 0x0000000086f00000| Untracked 
| 111|0x0000000086f00000, 0x0000000087000000, 0x0000000087000000|100%| O|  |TAMS 0x0000000087000000, 0x0000000087000000| Untracked 
| 112|0x0000000087000000, 0x0000000087100000, 0x0000000087100000|100%| O|  |TAMS 0x0000000087100000, 0x0000000087100000| Untracked 
| 113|0x0000000087100000, 0x0000000087200000, 0x0000000087200000|100%| O|  |TAMS 0x0000000087200000, 0x0000000087200000| Untracked 
| 114|0x0000000087200000, 0x0000000087200000, 0x0000000087300000|  0%| F|  |TAMS 0x0000000087200000, 0x0000000087200000| Untracked 
| 115|0x0000000087300000, 0x0000000087400000, 0x0000000087400000|100%| O|  |TAMS 0x0000000087400000, 0x0000000087400000| Untracked 
| 116|0x0000000087400000, 0x0000000087500000, 0x0000000087500000|100%| O|  |TAMS 0x0000000087500000, 0x0000000087500000| Untracked 
| 117|0x0000000087500000, 0x0000000087600000, 0x0000000087600000|100%| O|  |TAMS 0x0000000087600000, 0x0000000087600000| Untracked 
| 118|0x0000000087600000, 0x0000000087700000, 0x0000000087700000|100%| O|  |TAMS 0x0000000087700000, 0x0000000087700000| Untracked 
| 119|0x0000000087700000, 0x0000000087800000, 0x0000000087800000|100%| O|  |TAMS 0x0000000087800000, 0x0000000087800000| Untracked 
| 120|0x0000000087800000, 0x0000000087900000, 0x0000000087900000|100%| O|  |TAMS 0x0000000087900000, 0x0000000087900000| Untracked 
| 121|0x0000000087900000, 0x0000000087900000, 0x0000000087a00000|  0%| F|  |TAMS 0x0000000087900000, 0x0000000087900000| Untracked 
| 122|0x0000000087a00000, 0x0000000087b00000, 0x0000000087b00000|100%| O|  |TAMS 0x0000000087b00000, 0x0000000087b00000| Untracked 
| 123|0x0000000087b00000, 0x0000000087c00000, 0x0000000087c00000|100%| O|  |TAMS 0x0000000087c00000, 0x0000000087c00000| Untracked 
| 124|0x0000000087c00000, 0x0000000087d00000, 0x0000000087d00000|100%| O|  |TAMS 0x0000000087d00000, 0x0000000087d00000| Untracked 
| 125|0x0000000087d00000, 0x0000000087e00000, 0x0000000087e00000|100%| O|  |TAMS 0x0000000087e00000, 0x0000000087e00000| Untracked 
| 126|0x0000000087e00000, 0x0000000087f00000, 0x0000000087f00000|100%| O|  |TAMS 0x0000000087f00000, 0x0000000087f00000| Untracked 
| 127|0x0000000087f00000, 0x0000000087f00000, 0x0000000088000000|  0%| F|  |TAMS 0x0000000087f00000, 0x0000000087f00000| Untracked 
| 128|0x0000000088000000, 0x0000000088100000, 0x0000000088100000|100%| O|  |TAMS 0x0000000088100000, 0x0000000088100000| Untracked 
| 129|0x0000000088100000, 0x0000000088200000, 0x0000000088200000|100%| O|  |TAMS 0x0000000088200000, 0x0000000088200000| Untracked 
| 130|0x0000000088200000, 0x0000000088300000, 0x0000000088300000|100%| O|  |TAMS 0x0000000088300000, 0x0000000088300000| Untracked 
| 131|0x0000000088300000, 0x0000000088400000, 0x0000000088400000|100%| O|  |TAMS 0x0000000088400000, 0x0000000088400000| Untracked 
| 132|0x0000000088400000, 0x0000000088500000, 0x0000000088500000|100%| O|  |TAMS 0x0000000088500000, 0x0000000088500000| Untracked 
| 133|0x0000000088500000, 0x0000000088600000, 0x0000000088600000|100%| O|  |TAMS 0x0000000088600000, 0x0000000088600000| Untracked 
| 134|0x0000000088600000, 0x0000000088700000, 0x0000000088700000|100%| O|  |TAMS 0x0000000088700000, 0x0000000088700000| Untracked 
| 135|0x0000000088700000, 0x0000000088800000, 0x0000000088800000|100%| O|  |TAMS 0x0000000088800000, 0x0000000088800000| Untracked 
| 136|0x0000000088800000, 0x0000000088900000, 0x0000000088900000|100%| O|  |TAMS 0x0000000088900000, 0x0000000088900000| Untracked 
| 137|0x0000000088900000, 0x0000000088a00000, 0x0000000088a00000|100%| O|  |TAMS 0x0000000088a00000, 0x0000000088a00000| Untracked 
| 138|0x0000000088a00000, 0x0000000088b00000, 0x0000000088b00000|100%| O|  |TAMS 0x0000000088a00000, 0x0000000088b00000| Untracked 
| 139|0x0000000088b00000, 0x0000000088c00000, 0x0000000088c00000|100%| O|  |TAMS 0x0000000088c00000, 0x0000000088c00000| Untracked 
| 140|0x0000000088c00000, 0x0000000088c00000, 0x0000000088d00000|  0%| F|  |TAMS 0x0000000088c00000, 0x0000000088c00000| Untracked 
| 141|0x0000000088d00000, 0x0000000088e00000, 0x0000000088e00000|100%| O|  |TAMS 0x0000000088e00000, 0x0000000088e00000| Untracked 
| 142|0x0000000088e00000, 0x0000000088f00000, 0x0000000088f00000|100%| O|  |TAMS 0x0000000088f00000, 0x0000000088f00000| Untracked 
| 143|0x0000000088f00000, 0x0000000089000000, 0x0000000089000000|100%| O|  |TAMS 0x0000000089000000, 0x0000000089000000| Untracked 
| 144|0x0000000089000000, 0x0000000089100000, 0x0000000089100000|100%| O|  |TAMS 0x0000000089100000, 0x0000000089100000| Untracked 
| 145|0x0000000089100000, 0x0000000089100000, 0x0000000089200000|  0%| F|  |TAMS 0x0000000089100000, 0x0000000089100000| Untracked 
| 146|0x0000000089200000, 0x0000000089300000, 0x0000000089300000|100%| O|  |TAMS 0x0000000089300000, 0x0000000089300000| Untracked 
| 147|0x0000000089300000, 0x0000000089400000, 0x0000000089400000|100%| O|  |TAMS 0x00000000893f1c00, 0x0000000089400000| Untracked 
| 148|0x0000000089400000, 0x0000000089400000, 0x0000000089500000|  0%| F|  |TAMS 0x0000000089400000, 0x0000000089400000| Untracked 
| 149|0x0000000089500000, 0x0000000089600000, 0x0000000089600000|100%| O|  |TAMS 0x0000000089600000, 0x0000000089600000| Untracked 
| 150|0x0000000089600000, 0x0000000089700000, 0x0000000089700000|100%| O|  |TAMS 0x0000000089600000, 0x0000000089700000| Untracked 
| 151|0x0000000089700000, 0x0000000089800000, 0x0000000089800000|100%| O|  |TAMS 0x0000000089800000, 0x0000000089800000| Untracked 
| 152|0x0000000089800000, 0x0000000089900000, 0x0000000089900000|100%| O|  |TAMS 0x0000000089800000, 0x0000000089900000| Untracked 
| 153|0x0000000089900000, 0x0000000089a00000, 0x0000000089a00000|100%| O|  |TAMS 0x0000000089900000, 0x0000000089a00000| Untracked 
| 154|0x0000000089a00000, 0x0000000089a33600, 0x0000000089b00000| 20%| O|  |TAMS 0x0000000089a00000, 0x0000000089a33600| Untracked 
| 155|0x0000000089b00000, 0x0000000089b00000, 0x0000000089c00000|  0%| F|  |TAMS 0x0000000089b00000, 0x0000000089b00000| Untracked 
| 156|0x0000000089c00000, 0x0000000089c00000, 0x0000000089d00000|  0%| F|  |TAMS 0x0000000089c00000, 0x0000000089c00000| Untracked 
| 157|0x0000000089d00000, 0x0000000089d00000, 0x0000000089e00000|  0%| F|  |TAMS 0x0000000089d00000, 0x0000000089d00000| Untracked 
| 158|0x0000000089e00000, 0x0000000089e00000, 0x0000000089f00000|  0%| F|  |TAMS 0x0000000089e00000, 0x0000000089e00000| Untracked 
| 159|0x0000000089f00000, 0x0000000089f00000, 0x000000008a000000|  0%| F|  |TAMS 0x0000000089f00000, 0x0000000089f00000| Untracked 
| 160|0x000000008a000000, 0x000000008a000000, 0x000000008a100000|  0%| F|  |TAMS 0x000000008a000000, 0x000000008a000000| Untracked 
| 161|0x000000008a100000, 0x000000008a100000, 0x000000008a200000|  0%| F|  |TAMS 0x000000008a100000, 0x000000008a100000| Untracked 
| 162|0x000000008a200000, 0x000000008a200000, 0x000000008a300000|  0%| F|  |TAMS 0x000000008a200000, 0x000000008a200000| Untracked 
| 163|0x000000008a300000, 0x000000008a300000, 0x000000008a400000|  0%| F|  |TAMS 0x000000008a300000, 0x000000008a300000| Untracked 
| 164|0x000000008a400000, 0x000000008a400000, 0x000000008a500000|  0%| F|  |TAMS 0x000000008a400000, 0x000000008a400000| Untracked 
| 165|0x000000008a500000, 0x000000008a500000, 0x000000008a600000|  0%| F|  |TAMS 0x000000008a500000, 0x000000008a500000| Untracked 
| 166|0x000000008a600000, 0x000000008a600000, 0x000000008a700000|  0%| F|  |TAMS 0x000000008a600000, 0x000000008a600000| Untracked 
| 167|0x000000008a700000, 0x000000008a700000, 0x000000008a800000|  0%| F|  |TAMS 0x000000008a700000, 0x000000008a700000| Untracked 
| 168|0x000000008a800000, 0x000000008a800000, 0x000000008a900000|  0%| F|  |TAMS 0x000000008a800000, 0x000000008a800000| Untracked 
| 169|0x000000008a900000, 0x000000008a900000, 0x000000008aa00000|  0%| F|  |TAMS 0x000000008a900000, 0x000000008a900000| Untracked 
| 170|0x000000008aa00000, 0x000000008aa00000, 0x000000008ab00000|  0%| F|  |TAMS 0x000000008aa00000, 0x000000008aa00000| Untracked 
| 171|0x000000008ab00000, 0x000000008ab00000, 0x000000008ac00000|  0%| F|  |TAMS 0x000000008ab00000, 0x000000008ab00000| Untracked 
| 172|0x000000008ac00000, 0x000000008ac00000, 0x000000008ad00000|  0%| F|  |TAMS 0x000000008ac00000, 0x000000008ac00000| Untracked 
| 173|0x000000008ad00000, 0x000000008ad00000, 0x000000008ae00000|  0%| F|  |TAMS 0x000000008ad00000, 0x000000008ad00000| Untracked 
| 174|0x000000008ae00000, 0x000000008ae00000, 0x000000008af00000|  0%| F|  |TAMS 0x000000008ae00000, 0x000000008ae00000| Untracked 
| 175|0x000000008af00000, 0x000000008af00000, 0x000000008b000000|  0%| F|  |TAMS 0x000000008af00000, 0x000000008af00000| Untracked 
| 176|0x000000008b000000, 0x000000008b000000, 0x000000008b100000|  0%| F|  |TAMS 0x000000008b000000, 0x000000008b000000| Untracked 
| 177|0x000000008b100000, 0x000000008b100000, 0x000000008b200000|  0%| F|  |TAMS 0x000000008b100000, 0x000000008b100000| Untracked 
| 178|0x000000008b200000, 0x000000008b200000, 0x000000008b300000|  0%| F|  |TAMS 0x000000008b200000, 0x000000008b200000| Untracked 
| 179|0x000000008b300000, 0x000000008b300000, 0x000000008b400000|  0%| F|  |TAMS 0x000000008b300000, 0x000000008b300000| Untracked 
| 180|0x000000008b400000, 0x000000008b400000, 0x000000008b500000|  0%| F|  |TAMS 0x000000008b400000, 0x000000008b400000| Untracked 
| 181|0x000000008b500000, 0x000000008b500000, 0x000000008b600000|  0%| F|  |TAMS 0x000000008b500000, 0x000000008b500000| Untracked 
| 182|0x000000008b600000, 0x000000008b600000, 0x000000008b700000|  0%| F|  |TAMS 0x000000008b600000, 0x000000008b600000| Untracked 
| 183|0x000000008b700000, 0x000000008b700000, 0x000000008b800000|  0%| F|  |TAMS 0x000000008b700000, 0x000000008b700000| Untracked 
| 184|0x000000008b800000, 0x000000008b800000, 0x000000008b900000|  0%| F|  |TAMS 0x000000008b800000, 0x000000008b800000| Untracked 
| 185|0x000000008b900000, 0x000000008b900000, 0x000000008ba00000|  0%| F|  |TAMS 0x000000008b900000, 0x000000008b900000| Untracked 
| 186|0x000000008ba00000, 0x000000008ba00000, 0x000000008bb00000|  0%| F|  |TAMS 0x000000008ba00000, 0x000000008ba00000| Untracked 
| 187|0x000000008bb00000, 0x000000008bb00000, 0x000000008bc00000|  0%| F|  |TAMS 0x000000008bb00000, 0x000000008bb00000| Untracked 
| 188|0x000000008bc00000, 0x000000008bc00000, 0x000000008bd00000|  0%| F|  |TAMS 0x000000008bc00000, 0x000000008bc00000| Untracked 
| 189|0x000000008bd00000, 0x000000008bd00000, 0x000000008be00000|  0%| F|  |TAMS 0x000000008bd00000, 0x000000008bd00000| Untracked 
| 190|0x000000008be00000, 0x000000008be00000, 0x000000008bf00000|  0%| F|  |TAMS 0x000000008be00000, 0x000000008be00000| Untracked 
| 191|0x000000008bf00000, 0x000000008bf00000, 0x000000008c000000|  0%| F|  |TAMS 0x000000008bf00000, 0x000000008bf00000| Untracked 
| 192|0x000000008c000000, 0x000000008c000000, 0x000000008c100000|  0%| F|  |TAMS 0x000000008c000000, 0x000000008c000000| Untracked 
| 193|0x000000008c100000, 0x000000008c100000, 0x000000008c200000|  0%| F|  |TAMS 0x000000008c100000, 0x000000008c100000| Untracked 
| 194|0x000000008c200000, 0x000000008c200000, 0x000000008c300000|  0%| F|  |TAMS 0x000000008c200000, 0x000000008c200000| Untracked 
| 195|0x000000008c300000, 0x000000008c300000, 0x000000008c400000|  0%| F|  |TAMS 0x000000008c300000, 0x000000008c300000| Untracked 
| 196|0x000000008c400000, 0x000000008c400000, 0x000000008c500000|  0%| F|  |TAMS 0x000000008c400000, 0x000000008c400000| Untracked 
| 197|0x000000008c500000, 0x000000008c500000, 0x000000008c600000|  0%| F|  |TAMS 0x000000008c500000, 0x000000008c500000| Untracked 
| 198|0x000000008c600000, 0x000000008c600000, 0x000000008c700000|  0%| F|  |TAMS 0x000000008c600000, 0x000000008c600000| Untracked 
| 199|0x000000008c700000, 0x000000008c700000, 0x000000008c800000|  0%| F|  |TAMS 0x000000008c700000, 0x000000008c700000| Untracked 
| 200|0x000000008c800000, 0x000000008c800000, 0x000000008c900000|  0%| F|  |TAMS 0x000000008c800000, 0x000000008c800000| Untracked 
| 201|0x000000008c900000, 0x000000008c900000, 0x000000008ca00000|  0%| F|  |TAMS 0x000000008c900000, 0x000000008c900000| Untracked 
| 202|0x000000008ca00000, 0x000000008ca00000, 0x000000008cb00000|  0%| F|  |TAMS 0x000000008ca00000, 0x000000008ca00000| Untracked 
| 203|0x000000008cb00000, 0x000000008cb00000, 0x000000008cc00000|  0%| F|  |TAMS 0x000000008cb00000, 0x000000008cb00000| Untracked 
| 204|0x000000008cc00000, 0x000000008cc00000, 0x000000008cd00000|  0%| F|  |TAMS 0x000000008cc00000, 0x000000008cc00000| Untracked 
| 205|0x000000008cd00000, 0x000000008cd00000, 0x000000008ce00000|  0%| F|  |TAMS 0x000000008cd00000, 0x000000008cd00000| Untracked 
| 206|0x000000008ce00000, 0x000000008ce00000, 0x000000008cf00000|  0%| F|  |TAMS 0x000000008ce00000, 0x000000008ce00000| Untracked 
| 207|0x000000008cf00000, 0x000000008cf00000, 0x000000008d000000|  0%| F|  |TAMS 0x000000008cf00000, 0x000000008cf00000| Untracked 
| 208|0x000000008d000000, 0x000000008d000000, 0x000000008d100000|  0%| F|  |TAMS 0x000000008d000000, 0x000000008d000000| Untracked 
| 209|0x000000008d100000, 0x000000008d100000, 0x000000008d200000|  0%| F|  |TAMS 0x000000008d100000, 0x000000008d100000| Untracked 
| 210|0x000000008d200000, 0x000000008d200000, 0x000000008d300000|  0%| F|  |TAMS 0x000000008d200000, 0x000000008d200000| Untracked 
| 211|0x000000008d300000, 0x000000008d300000, 0x000000008d400000|  0%| F|  |TAMS 0x000000008d300000, 0x000000008d300000| Untracked 
| 212|0x000000008d400000, 0x000000008d400000, 0x000000008d500000|  0%| F|  |TAMS 0x000000008d400000, 0x000000008d400000| Untracked 
| 213|0x000000008d500000, 0x000000008d500000, 0x000000008d600000|  0%| F|  |TAMS 0x000000008d500000, 0x000000008d500000| Untracked 
| 214|0x000000008d600000, 0x000000008d600000, 0x000000008d700000|  0%| F|  |TAMS 0x000000008d600000, 0x000000008d600000| Untracked 
| 215|0x000000008d700000, 0x000000008d700000, 0x000000008d800000|  0%| F|  |TAMS 0x000000008d700000, 0x000000008d700000| Untracked 
| 216|0x000000008d800000, 0x000000008d800000, 0x000000008d900000|  0%| F|  |TAMS 0x000000008d800000, 0x000000008d800000| Untracked 
| 217|0x000000008d900000, 0x000000008d900000, 0x000000008da00000|  0%| F|  |TAMS 0x000000008d900000, 0x000000008d900000| Untracked 
| 218|0x000000008da00000, 0x000000008da00000, 0x000000008db00000|  0%| F|  |TAMS 0x000000008da00000, 0x000000008da00000| Untracked 
| 219|0x000000008db00000, 0x000000008db00000, 0x000000008dc00000|  0%| F|  |TAMS 0x000000008db00000, 0x000000008db00000| Untracked 
| 220|0x000000008dc00000, 0x000000008dc00000, 0x000000008dd00000|  0%| F|  |TAMS 0x000000008dc00000, 0x000000008dc00000| Untracked 
| 221|0x000000008dd00000, 0x000000008dd00000, 0x000000008de00000|  0%| F|  |TAMS 0x000000008dd00000, 0x000000008dd00000| Untracked 
| 222|0x000000008de00000, 0x000000008de00000, 0x000000008df00000|  0%| F|  |TAMS 0x000000008de00000, 0x000000008de00000| Untracked 
| 223|0x000000008df00000, 0x000000008df00000, 0x000000008e000000|  0%| F|  |TAMS 0x000000008df00000, 0x000000008df00000| Untracked 
| 224|0x000000008e000000, 0x000000008e000000, 0x000000008e100000|  0%| F|  |TAMS 0x000000008e000000, 0x000000008e000000| Untracked 
| 225|0x000000008e100000, 0x000000008e100000, 0x000000008e200000|  0%| F|  |TAMS 0x000000008e100000, 0x000000008e100000| Untracked 
| 226|0x000000008e200000, 0x000000008e200000, 0x000000008e300000|  0%| F|  |TAMS 0x000000008e200000, 0x000000008e200000| Untracked 
| 227|0x000000008e300000, 0x000000008e300000, 0x000000008e400000|  0%| F|  |TAMS 0x000000008e300000, 0x000000008e300000| Untracked 
| 228|0x000000008e400000, 0x000000008e400000, 0x000000008e500000|  0%| F|  |TAMS 0x000000008e400000, 0x000000008e400000| Untracked 
| 229|0x000000008e500000, 0x000000008e500000, 0x000000008e600000|  0%| F|  |TAMS 0x000000008e500000, 0x000000008e500000| Untracked 
| 230|0x000000008e600000, 0x000000008e600000, 0x000000008e700000|  0%| F|  |TAMS 0x000000008e600000, 0x000000008e600000| Untracked 
| 231|0x000000008e700000, 0x000000008e700000, 0x000000008e800000|  0%| F|  |TAMS 0x000000008e700000, 0x000000008e700000| Untracked 
| 232|0x000000008e800000, 0x000000008e800000, 0x000000008e900000|  0%| F|  |TAMS 0x000000008e800000, 0x000000008e800000| Untracked 
| 233|0x000000008e900000, 0x000000008e900000, 0x000000008ea00000|  0%| F|  |TAMS 0x000000008e900000, 0x000000008e900000| Untracked 
| 234|0x000000008ea00000, 0x000000008ea00000, 0x000000008eb00000|  0%| F|  |TAMS 0x000000008ea00000, 0x000000008ea00000| Untracked 
| 235|0x000000008eb00000, 0x000000008eb00000, 0x000000008ec00000|  0%| F|  |TAMS 0x000000008eb00000, 0x000000008eb00000| Untracked 
| 236|0x000000008ec00000, 0x000000008ec00000, 0x000000008ed00000|  0%| F|  |TAMS 0x000000008ec00000, 0x000000008ec00000| Untracked 
| 237|0x000000008ed00000, 0x000000008ed132d8, 0x000000008ee00000|  7%| S|CS|TAMS 0x000000008ed00000, 0x000000008ed00000| Complete 
| 238|0x000000008ee00000, 0x000000008ef00000, 0x000000008ef00000|100%| S|CS|TAMS 0x000000008ee00000, 0x000000008ee00000| Complete 
| 239|0x000000008ef00000, 0x000000008f000000, 0x000000008f000000|100%| S|CS|TAMS 0x000000008ef00000, 0x000000008ef00000| Complete 
| 240|0x000000008f000000, 0x000000008f000000, 0x000000008f100000|  0%| F|  |TAMS 0x000000008f000000, 0x000000008f000000| Untracked 
| 241|0x000000008f100000, 0x000000008f100000, 0x000000008f200000|  0%| F|  |TAMS 0x000000008f100000, 0x000000008f100000| Untracked 
| 242|0x000000008f200000, 0x000000008f200000, 0x000000008f300000|  0%| F|  |TAMS 0x000000008f200000, 0x000000008f200000| Untracked 
| 243|0x000000008f300000, 0x000000008f300000, 0x000000008f400000|  0%| F|  |TAMS 0x000000008f300000, 0x000000008f300000| Untracked 
| 244|0x000000008f400000, 0x000000008f400000, 0x000000008f500000|  0%| F|  |TAMS 0x000000008f400000, 0x000000008f400000| Untracked 
| 245|0x000000008f500000, 0x000000008f500000, 0x000000008f600000|  0%| F|  |TAMS 0x000000008f500000, 0x000000008f500000| Untracked 
| 246|0x000000008f600000, 0x000000008f600000, 0x000000008f700000|  0%| F|  |TAMS 0x000000008f600000, 0x000000008f600000| Untracked 
| 247|0x000000008f700000, 0x000000008f700000, 0x000000008f800000|  0%| F|  |TAMS 0x000000008f700000, 0x000000008f700000| Untracked 
| 248|0x000000008f800000, 0x000000008f800000, 0x000000008f900000|  0%| F|  |TAMS 0x000000008f800000, 0x000000008f800000| Untracked 
| 249|0x000000008f900000, 0x000000008f900000, 0x000000008fa00000|  0%| F|  |TAMS 0x000000008f900000, 0x000000008f900000| Untracked 
| 250|0x000000008fa00000, 0x000000008fa00000, 0x000000008fb00000|  0%| F|  |TAMS 0x000000008fa00000, 0x000000008fa00000| Untracked 
| 251|0x000000008fb00000, 0x000000008fb00000, 0x000000008fc00000|  0%| F|  |TAMS 0x000000008fb00000, 0x000000008fb00000| Untracked 
| 252|0x000000008fc00000, 0x000000008fc00000, 0x000000008fd00000|  0%| F|  |TAMS 0x000000008fc00000, 0x000000008fc00000| Untracked 
| 253|0x000000008fd00000, 0x000000008fd00000, 0x000000008fe00000|  0%| F|  |TAMS 0x000000008fd00000, 0x000000008fd00000| Untracked 
| 254|0x000000008fe00000, 0x000000008fe00000, 0x000000008ff00000|  0%| F|  |TAMS 0x000000008fe00000, 0x000000008fe00000| Untracked 
| 255|0x000000008ff00000, 0x000000008ff00000, 0x0000000090000000|  0%| F|  |TAMS 0x000000008ff00000, 0x000000008ff00000| Untracked 
| 256|0x0000000090000000, 0x0000000090000000, 0x0000000090100000|  0%| F|  |TAMS 0x0000000090000000, 0x0000000090000000| Untracked 
| 257|0x0000000090100000, 0x0000000090100000, 0x0000000090200000|  0%| F|  |TAMS 0x0000000090100000, 0x0000000090100000| Untracked 
| 258|0x0000000090200000, 0x0000000090200000, 0x0000000090300000|  0%| F|  |TAMS 0x0000000090200000, 0x0000000090200000| Untracked 
| 259|0x0000000090300000, 0x0000000090300000, 0x0000000090400000|  0%| F|  |TAMS 0x0000000090300000, 0x0000000090300000| Untracked 
| 260|0x0000000090400000, 0x0000000090400000, 0x0000000090500000|  0%| F|  |TAMS 0x0000000090400000, 0x0000000090400000| Untracked 
| 261|0x0000000090500000, 0x0000000090500000, 0x0000000090600000|  0%| F|  |TAMS 0x0000000090500000, 0x0000000090500000| Untracked 
| 262|0x0000000090600000, 0x0000000090600000, 0x0000000090700000|  0%| F|  |TAMS 0x0000000090600000, 0x0000000090600000| Untracked 
| 263|0x0000000090700000, 0x0000000090700000, 0x0000000090800000|  0%| F|  |TAMS 0x0000000090700000, 0x0000000090700000| Untracked 
| 264|0x0000000090800000, 0x0000000090800000, 0x0000000090900000|  0%| F|  |TAMS 0x0000000090800000, 0x0000000090800000| Untracked 
| 265|0x0000000090900000, 0x0000000090900000, 0x0000000090a00000|  0%| F|  |TAMS 0x0000000090900000, 0x0000000090900000| Untracked 
| 266|0x0000000090a00000, 0x0000000090a00000, 0x0000000090b00000|  0%| F|  |TAMS 0x0000000090a00000, 0x0000000090a00000| Untracked 

Card table byte_map: [0x000001e37d3a0000,0x000001e37d7a0000] _byte_map_base: 0x000001e37cfa0000

Marking Bits (Prev, Next): (CMBitMap*) 0x000001e3686ce770, (CMBitMap*) 0x000001e3686ce738
 Prev Bits: [0x000001e300000000, 0x000001e302000000)
 Next Bits: [0x000001e37dba0000, 0x000001e37fba0000)

Polling page: 0x000001e368770000

Metaspace:

Usage:
  Non-class:    128.05 MB capacity,   125.87 MB ( 98%) used,     1.74 MB (  1%) free+waste,   452.50 KB ( <1%) overhead. 
      Class:     18.92 MB capacity,    17.60 MB ( 93%) used,     1.14 MB (  6%) free+waste,   194.44 KB (  1%) overhead. 
       Both:    146.98 MB capacity,   143.47 MB ( 98%) used,     2.88 MB (  2%) free+waste,   646.94 KB ( <1%) overhead. 

Virtual space:
  Non-class space:      130.00 MB reserved,     128.07 MB ( 99%) committed 
      Class space:        1.00 GB reserved,      18.95 MB (  2%) committed 
             Both:        1.13 GB reserved,     147.02 MB ( 13%) committed 

Chunk freelists:
   Non-Class:  17.00 KB
       Class:  0 bytes
        Both:  17.00 KB

MaxMetaspaceSize: 17179869184.00 GB
CompressedClassSpaceSize: 1.00 GB

CodeHeap 'non-profiled nmethods': size=120064Kb used=19881Kb max_used=19881Kb free=100182Kb
 bounds [0x000001e375440000, 0x000001e3767b0000, 0x000001e37c980000]
CodeHeap 'profiled nmethods': size=120000Kb used=56008Kb max_used=56008Kb free=63991Kb
 bounds [0x000001e36df10000, 0x000001e3715f0000, 0x000001e375440000]
CodeHeap 'non-nmethods': size=5696Kb used=2407Kb max_used=2501Kb free=3288Kb
 bounds [0x000001e36d980000, 0x000001e36dc00000, 0x000001e36df10000]
 total_blobs=25341 nmethods=24294 adapters=956
 compilation: enabled
              stopped_count=0, restarted_count=0
 full_count=0

Compilation events (20 events):
Event: 12293.798 Thread 0x000001e3042e9000 nmethod 27710 0x000001e3715e8e10 code [0x000001e3715e9080, 0x000001e3715e9988]
Event: 12293.800 Thread 0x000001e3042e9000 27711       2       com.android.tools.r8.graph.c0::S (10 bytes)
Event: 12293.800 Thread 0x000001e3042e9000 nmethod 27711 0x000001e3715e9d90 code [0x000001e3715e9f40, 0x000001e3715ea058]
Event: 12293.800 Thread 0x000001e3042e9000 27712       2       com.android.tools.r8.graph.B2$$Lambda$1909/0x00000001012c9440::apply (8 bytes)
Event: 12293.800 Thread 0x000001e3042e9000 nmethod 27712 0x000001e3715ea190 code [0x000001e3715ea340, 0x000001e3715ea488]
Event: 12293.800 Thread 0x000001e3042e9000 27713       2       com.android.tools.r8.graph.B2::d (43 bytes)
Event: 12293.801 Thread 0x000001e3042e9000 nmethod 27713 0x000001e3715ea590 code [0x000001e3715ea740, 0x000001e3715ea8b8]
Event: 12293.801 Thread 0x000001e3042e9000 27714       2       com.android.tools.r8.graph.y::equals (57 bytes)
Event: 12293.801 Thread 0x000001e3042e9000 nmethod 27714 0x000001e3715eaa10 code [0x000001e3715eabe0, 0x000001e3715eaeb8]
Event: 12293.801 Thread 0x000001e3042e9000 27715       2       com.android.tools.r8.graph.S0$$Lambda$1911/0x00000001012cfc40::test (11 bytes)
Event: 12293.802 Thread 0x000001e3042e9000 nmethod 27715 0x000001e3715eb090 code [0x000001e3715eb240, 0x000001e3715eb3b8]
Event: 12293.802 Thread 0x000001e3042e9000 27716   !   2       com.android.tools.r8.graph.S0::c (22 bytes)
Event: 12293.803 Thread 0x000001e3042e9000 nmethod 27716 0x000001e3715eb510 code [0x000001e3715eb740, 0x000001e3715ebec8]
Event: 12293.803 Thread 0x000001e3042e9000 27717       2       com.android.tools.r8.graph.B2::f (18 bytes)
Event: 12293.803 Thread 0x000001e3042e9000 nmethod 27717 0x000001e3715ec310 code [0x000001e3715ec4c0, 0x000001e3715ec608]
Event: 12293.803 Thread 0x000001e3042e9000 27718   !   2       com.android.tools.r8.graph.S0::s1 (49 bytes)
Event: 12293.804 Thread 0x000001e3042e9000 nmethod 27718 0x000001e3715ec710 code [0x000001e3715ec9c0, 0x000001e3715ed508]
Event: 12293.805 Thread 0x000001e3042e9000 27719       2       com.android.tools.r8.internal.P0::entrySet (5 bytes)
Event: 12293.805 Thread 0x000001e3042e9000 nmethod 27719 0x000001e3715edc90 code [0x000001e3715ede40, 0x000001e3715edf68]
Event: 12293.814 Thread 0x000001e3042e9000 27720 % !   3       com.android.tools.r8.dex.y::c @ 435 (2766 bytes)

GC Heap History (20 events):
Event: 12289.478 GC heap after
{Heap after GC invocations=144 (full 0):
 garbage-first heap   total 273408K, used 157131K [0x0000000080000000, 0x0000000100000000)
  region size 1024K, 2 young (2048K), 2 survivors (2048K)
 Metaspace       used 146337K, capacity 149892K, committed 150036K, reserved 1179648K
  class space    used 18008K, capacity 19357K, committed 19404K, reserved 1048576K
}
Event: 12289.920 GC heap before
{Heap before GC invocations=144 (full 0):
 garbage-first heap   total 273408K, used 229835K [0x0000000080000000, 0x0000000100000000)
  region size 1024K, 73 young (74752K), 2 survivors (2048K)
 Metaspace       used 146368K, capacity 149965K, committed 150036K, reserved 1179648K
  class space    used 18009K, capacity 19360K, committed 19404K, reserved 1048576K
}
Event: 12289.928 GC heap after
{Heap after GC invocations=145 (full 0):
 garbage-first heap   total 273408K, used 157322K [0x0000000080000000, 0x0000000100000000)
  region size 1024K, 2 young (2048K), 2 survivors (2048K)
 Metaspace       used 146368K, capacity 149965K, committed 150036K, reserved 1179648K
  class space    used 18009K, capacity 19360K, committed 19404K, reserved 1048576K
}
Event: 12290.714 GC heap before
{Heap before GC invocations=146 (full 0):
 garbage-first heap   total 273408K, used 232074K [0x0000000080000000, 0x0000000100000000)
  region size 1024K, 75 young (76800K), 2 survivors (2048K)
 Metaspace       used 146397K, capacity 149976K, committed 150036K, reserved 1179648K
  class space    used 18011K, capacity 19363K, committed 19404K, reserved 1048576K
}
Event: 12290.723 GC heap after
{Heap after GC invocations=147 (full 0):
 garbage-first heap   total 273408K, used 157539K [0x0000000080000000, 0x0000000100000000)
  region size 1024K, 2 young (2048K), 2 survivors (2048K)
 Metaspace       used 146397K, capacity 149976K, committed 150036K, reserved 1179648K
  class space    used 18011K, capacity 19363K, committed 19404K, reserved 1048576K
}
Event: 12290.776 GC heap before
{Heap before GC invocations=147 (full 0):
 garbage-first heap   total 273408K, used 168803K [0x0000000080000000, 0x0000000100000000)
  region size 1024K, 13 young (13312K), 2 survivors (2048K)
 Metaspace       used 146398K, capacity 149977K, committed 150036K, reserved 1179648K
  class space    used 18011K, capacity 19363K, committed 19404K, reserved 1048576K
}
Event: 12290.787 GC heap after
{Heap after GC invocations=148 (full 0):
 garbage-first heap   total 273408K, used 154880K [0x0000000080000000, 0x0000000100000000)
  region size 1024K, 1 young (1024K), 1 survivors (1024K)
 Metaspace       used 146398K, capacity 149977K, committed 150036K, reserved 1179648K
  class space    used 18011K, capacity 19363K, committed 19404K, reserved 1048576K
}
Event: 12291.209 GC heap before
{Heap before GC invocations=148 (full 0):
 garbage-first heap   total 273408K, used 232704K [0x0000000080000000, 0x0000000100000000)
  region size 1024K, 77 young (78848K), 1 survivors (1024K)
 Metaspace       used 146417K, capacity 149979K, committed 150036K, reserved 1179648K
  class space    used 18011K, capacity 19363K, committed 19404K, reserved 1048576K
}
Event: 12291.217 GC heap after
{Heap after GC invocations=149 (full 0):
 garbage-first heap   total 273408K, used 155191K [0x0000000080000000, 0x0000000100000000)
  region size 1024K, 2 young (2048K), 2 survivors (2048K)
 Metaspace       used 146417K, capacity 149979K, committed 150036K, reserved 1179648K
  class space    used 18011K, capacity 19363K, committed 19404K, reserved 1048576K
}
Event: 12292.218 GC heap before
{Heap before GC invocations=150 (full 0):
 garbage-first heap   total 273408K, used 233015K [0x0000000080000000, 0x0000000100000000)
  region size 1024K, 78 young (79872K), 2 survivors (2048K)
 Metaspace       used 146694K, capacity 150322K, committed 150548K, reserved 1181696K
  class space    used 18017K, capacity 19374K, committed 19404K, reserved 1048576K
}
Event: 12292.230 GC heap after
{Heap after GC invocations=151 (full 0):
 garbage-first heap   total 273408K, used 157046K [0x0000000080000000, 0x0000000100000000)
  region size 1024K, 4 young (4096K), 4 survivors (4096K)
 Metaspace       used 146694K, capacity 150322K, committed 150548K, reserved 1181696K
  class space    used 18017K, capacity 19374K, committed 19404K, reserved 1048576K
}
Event: 12292.287 GC heap before
{Heap before GC invocations=151 (full 0):
 garbage-first heap   total 273408K, used 166262K [0x0000000080000000, 0x0000000100000000)
  region size 1024K, 13 young (13312K), 4 survivors (4096K)
 Metaspace       used 146713K, capacity 150323K, committed 150548K, reserved 1181696K
  class space    used 18017K, capacity 19374K, committed 19404K, reserved 1048576K
}
Event: 12292.298 GC heap after
{Heap after GC invocations=152 (full 0):
 garbage-first heap   total 273408K, used 154819K [0x0000000080000000, 0x0000000100000000)
  region size 1024K, 2 young (2048K), 2 survivors (2048K)
 Metaspace       used 146713K, capacity 150323K, committed 150548K, reserved 1181696K
  class space    used 18017K, capacity 19374K, committed 19404K, reserved 1048576K
}
Event: 12292.702 GC heap before
{Heap before GC invocations=152 (full 0):
 garbage-first heap   total 273408K, used 233667K [0x0000000080000000, 0x0000000100000000)
  region size 1024K, 79 young (80896K), 2 survivors (2048K)
 Metaspace       used 146745K, capacity 150340K, committed 150548K, reserved 1181696K
  class space    used 18020K, capacity 19378K, committed 19404K, reserved 1048576K
}
Event: 12292.711 GC heap after
{Heap after GC invocations=153 (full 0):
 garbage-first heap   total 273408K, used 156060K [0x0000000080000000, 0x0000000100000000)
  region size 1024K, 3 young (3072K), 3 survivors (3072K)
 Metaspace       used 146745K, capacity 150340K, committed 150548K, reserved 1181696K
  class space    used 18020K, capacity 19378K, committed 19404K, reserved 1048576K
}
Event: 12293.517 GC heap before
{Heap before GC invocations=154 (full 0):
 garbage-first heap   total 273408K, used 234908K [0x0000000080000000, 0x0000000100000000)
  region size 1024K, 80 young (81920K), 3 survivors (3072K)
 Metaspace       used 146759K, capacity 150341K, committed 150548K, reserved 1181696K
  class space    used 18020K, capacity 19378K, committed 19404K, reserved 1048576K
}
Event: 12293.525 GC heap after
{Heap after GC invocations=155 (full 0):
 garbage-first heap   total 273408K, used 156131K [0x0000000080000000, 0x0000000100000000)
  region size 1024K, 3 young (3072K), 3 survivors (3072K)
 Metaspace       used 146759K, capacity 150341K, committed 150548K, reserved 1181696K
  class space    used 18020K, capacity 19378K, committed 19404K, reserved 1048576K
}
Event: 12293.597 GC heap before
{Heap before GC invocations=155 (full 0):
 garbage-first heap   total 273408K, used 166371K [0x0000000080000000, 0x0000000100000000)
  region size 1024K, 13 young (13312K), 3 survivors (3072K)
 Metaspace       used 146760K, capacity 150341K, committed 150548K, reserved 1181696K
  class space    used 18020K, capacity 19378K, committed 19404K, reserved 1048576K
}
Event: 12293.618 GC heap after
{Heap after GC invocations=156 (full 0):
 garbage-first heap   total 273408K, used 152473K [0x0000000080000000, 0x0000000100000000)
  region size 1024K, 1 young (1024K), 1 survivors (1024K)
 Metaspace       used 146760K, capacity 150341K, committed 150548K, reserved 1181696K
  class space    used 18020K, capacity 19378K, committed 19404K, reserved 1048576K
}
Event: 12293.856 GC heap before
{Heap before GC invocations=156 (full 0):
 garbage-first heap   total 273408K, used 178073K [0x0000000080000000, 0x0000000100000000)
  region size 1024K, 27 young (27648K), 1 survivors (1024K)
 Metaspace       used 146910K, capacity 150505K, committed 150548K, reserved 1181696K
  class space    used 18020K, capacity 19378K, committed 19404K, reserved 1048576K
}

Deoptimization events (20 events):
Event: 12293.747 Thread 0x000001e308c0d800 DEOPT PACKING pc=0x000001e37673e8f4 sp=0x000000393e5f95d0
Event: 12293.747 Thread 0x000001e308c0d800 DEOPT UNPACKING pc=0x000001e36d9a662f sp=0x000000393e5f95b8 mode 2
Event: 12293.780 Thread 0x000001e30c7ac800 Uncommon trap: trap_request=0xffffffde fr.pc=0x000001e37676a0f0 relative=0x0000000000000730
Event: 12293.780 Thread 0x000001e30c7ac800 Uncommon trap: reason=class_check action=maybe_recompile pc=0x000001e37676a0f0 method=com.android.tools.r8.internal.LI0.a(Ljava/util/Iterator;Ljava/util/Iterator;Lcom/android/tools/r8/internal/yp1;)I @ 45 c2
Event: 12293.780 Thread 0x000001e30c7ac800 DEOPT PACKING pc=0x000001e37676a0f0 sp=0x000000393ddf9df0
Event: 12293.780 Thread 0x000001e30c7ac800 DEOPT UNPACKING pc=0x000001e36d9a662f sp=0x000000393ddf9db0 mode 2
Event: 12293.781 Thread 0x000001e30c7ac800 Uncommon trap: trap_request=0xffffffde fr.pc=0x000001e37676a0f0 relative=0x0000000000000730
Event: 12293.781 Thread 0x000001e30c7ac800 Uncommon trap: reason=class_check action=maybe_recompile pc=0x000001e37676a0f0 method=com.android.tools.r8.internal.LI0.a(Ljava/util/Iterator;Ljava/util/Iterator;Lcom/android/tools/r8/internal/yp1;)I @ 45 c2
Event: 12293.781 Thread 0x000001e30c7ac800 DEOPT PACKING pc=0x000001e37676a0f0 sp=0x000000393ddf9df0
Event: 12293.781 Thread 0x000001e30c7ac800 DEOPT UNPACKING pc=0x000001e36d9a662f sp=0x000000393ddf9db0 mode 2
Event: 12293.784 Thread 0x000001e30c7ac800 Uncommon trap: trap_request=0xffffffde fr.pc=0x000001e37676a0f0 relative=0x0000000000000730
Event: 12293.784 Thread 0x000001e30c7ac800 Uncommon trap: reason=class_check action=maybe_recompile pc=0x000001e37676a0f0 method=com.android.tools.r8.internal.LI0.a(Ljava/util/Iterator;Ljava/util/Iterator;Lcom/android/tools/r8/internal/yp1;)I @ 45 c2
Event: 12293.784 Thread 0x000001e30c7ac800 DEOPT PACKING pc=0x000001e37676a0f0 sp=0x000000393ddf9df0
Event: 12293.784 Thread 0x000001e30c7ac800 DEOPT UNPACKING pc=0x000001e36d9a662f sp=0x000000393ddf9db0 mode 2
Event: 12293.784 Thread 0x000001e30c7ac800 Uncommon trap: trap_request=0xffffffde fr.pc=0x000001e37676a0f0 relative=0x0000000000000730
Event: 12293.784 Thread 0x000001e30c7ac800 Uncommon trap: reason=class_check action=maybe_recompile pc=0x000001e37676a0f0 method=com.android.tools.r8.internal.LI0.a(Ljava/util/Iterator;Ljava/util/Iterator;Lcom/android/tools/r8/internal/yp1;)I @ 45 c2
Event: 12293.784 Thread 0x000001e30c7ac800 DEOPT PACKING pc=0x000001e37676a0f0 sp=0x000000393ddf9df0
Event: 12293.784 Thread 0x000001e30c7ac800 DEOPT UNPACKING pc=0x000001e36d9a662f sp=0x000000393ddf9db0 mode 2
Event: 12293.820 Thread 0x000001e30c7ac800 DEOPT PACKING pc=0x000001e371520acb sp=0x000000393ddfa630
Event: 12293.820 Thread 0x000001e30c7ac800 DEOPT UNPACKING pc=0x000001e36d9a6dde sp=0x000000393ddf9b88 mode 0

Classes redefined (0 events):
No events

Internal exceptions (20 events):
Event: 12282.003 Thread 0x000001e30c7ac000 Exception <a 'java/lang/IncompatibleClassChangeError'{0x0000000090817870}: Found class java.lang.Object, but interface was expected> (0x0000000090817870) thrown at [./src/hotspot/share/interpreter/linkResolver.cpp, line 839]
Event: 12282.004 Thread 0x000001e307428800 Exception <a 'java/lang/IncompatibleClassChangeError'{0x00000000909f7f70}: Found class java.lang.Object, but interface was expected> (0x00000000909f7f70) thrown at [./src/hotspot/share/interpreter/linkResolver.cpp, line 839]
Event: 12282.880 Thread 0x000001e30c7ac000 Exception <a 'java/lang/NoSuchMethodError'{0x000000008dce5e78}: 'int java.lang.invoke.DirectMethodHandle$Holder.invokeSpecial(java.lang.Object, java.lang.Object, java.lang.Object, java.lang.Object, java.lang.Object)'> (0x000000008dce5e78) thrown at [./src/hotspot/share/interpreter/linkResolver.cpp, line 773]
Event: 12283.021 Thread 0x000001e307428800 Exception <a 'java/lang/NoSuchMethodError'{0x000000008d657ac0}: 'java.lang.Object java.lang.invoke.DirectMethodHandle$Holder.invokeVirtual(java.lang.Object, java.lang.Object, int, java.lang.Object)'> (0x000000008d657ac0) thrown at [./src/hotspot/share/interpreter/linkResolver.cpp, line 773]
Event: 12283.112 Thread 0x000001e30c7ac000 Exception <a 'java/lang/IncompatibleClassChangeError'{0x000000008d6b0cc8}: Found class java.lang.Object, but interface was expected> (0x000000008d6b0cc8) thrown at [./src/hotspot/share/interpreter/linkResolver.cpp, line 839]
Event: 12283.114 Thread 0x000001e30c7ac000 Exception <a 'java/lang/IncompatibleClassChangeError'{0x000000008d3cbcf0}: Found class java.lang.Object, but interface was expected> (0x000000008d3cbcf0) thrown at [./src/hotspot/share/interpreter/linkResolver.cpp, line 839]
Event: 12283.148 Thread 0x000001e30c7ac000 Exception <a 'java/lang/NoSuchMethodError'{0x000000008d135638}: 'void java.lang.invoke.DirectMethodHandle$Holder.invokeVirtual(java.lang.Object, java.lang.Object, int, java.lang.Object)'> (0x000000008d135638) thrown at [./src/hotspot/share/interpreter/linkResolver.cpp, line 773]
Event: 12283.465 Thread 0x000001e30c7ac800 Exception <a 'java/lang/NoSuchMethodError'{0x00000000908ae058}: 'java.lang.Object java.lang.invoke.DirectMethodHandle$Holder.newInvokeSpecial(java.lang.Object, int)'> (0x00000000908ae058) thrown at [./src/hotspot/share/interpreter/linkResolver.cpp, line 773]
Event: 12284.850 Thread 0x000001e307428800 Implicit null exception at 0x000001e375c6de6d to 0x000001e375c6de98
Event: 12285.051 Thread 0x000001e30c7ac000 Exception <a 'java/lang/NoSuchMethodError'{0x00000000908ae6c0}: 'java.lang.Object java.lang.invoke.Invokers$Holder.linkToTargetMethod(java.lang.Object, int, java.lang.Object, java.lang.Object, java.lang.Object, java.lang.Object)'> (0x00000000908ae6c0) thrown at [./src/hotspot/share/interpreter/linkResolver.cpp, line 773]
Event: 12285.053 Thread 0x000001e30c7ac000 Exception <a 'java/lang/NoSuchMethodError'{0x00000000908bb4b8}: 'java.lang.Object java.lang.invoke.DirectMethodHandle$Holder.invokeStatic(java.lang.Object, java.lang.Object, java.lang.Object, java.lang.Object, int, java.lang.Object, java.lang.Object)'> (0x00000000908bb4b8) thrown at [./src/hotspot/share/interpreter/linkResolver.cpp, line 773]
Event: 12285.054 Thread 0x000001e30c7ac000 Exception <a 'java/lang/NoSuchMethodError'{0x00000000908c2fb0}: 'java.lang.Object java.lang.invoke.Invokers$Holder.linkToTargetMethod(java.lang.Object, java.lang.Object, java.lang.Object, int, java.lang.Object, java.lang.Object, java.lang.Object)'> (0x00000000908c2fb0) thrown at [./src/hotspot/share/interpreter/linkResolver.cpp, line 773]
Event: 12285.058 Thread 0x000001e30c7ac000 Exception <a 'java/lang/NoSuchMethodError'{0x00000000908d8bf8}: 'void java.lang.invoke.DirectMethodHandle$Holder.invokeStatic(java.lang.Object, java.lang.Object, java.lang.Object, java.lang.Object, java.lang.Object, java.lang.Object, java.lang.Object, java.lang.Object)'> (0x00000000908d8bf8) thrown at [./src/hotspot/share/interpreter/linkResolver.cpp, line 773]
Event: 12285.759 Thread 0x000001e30c7ac000 Exception <a 'java/lang/IncompatibleClassChangeError'{0x000000008f4cf0f8}: Found class java.lang.Object, but interface was expected> (0x000000008f4cf0f8) thrown at [./src/hotspot/share/interpreter/linkResolver.cpp, line 839]
Event: 12286.143 Thread 0x000001e30c7ac000 Exception <a 'java/lang/NoSuchMethodError'{0x000000008dfaaa30}: 'void java.lang.invoke.DirectMethodHandle$Holder.invokeVirtual(java.lang.Object, java.lang.Object, int)'> (0x000000008dfaaa30) thrown at [./src/hotspot/share/interpreter/linkResolver.cpp, line 773]
Event: 12286.261 Thread 0x000001e30c7ac000 Exception <a 'sun/nio/fs/WindowsException'{0x000000008d891608}> (0x000000008d891608) thrown at [./src/hotspot/share/prims/jni.cpp, line 615]
Event: 12288.482 Thread 0x000001e307428800 Implicit null exception at 0x000001e3755fb5eb to 0x000001e3755fb60c
Event: 12291.900 Thread 0x000001e307428800 Exception <a 'sun/nio/fs/WindowsException'{0x000000008e401560}> (0x000000008e401560) thrown at [./src/hotspot/share/prims/jni.cpp, line 615]
Event: 12292.180 Thread 0x000001e308c0d800 Exception <a 'sun/nio/fs/WindowsException'{0x000000008c43aa18}> (0x000000008c43aa18) thrown at [./src/hotspot/share/prims/jni.cpp, line 615]
Event: 12292.635 Thread 0x000001e308c0d800 Exception <a 'java/lang/NoSuchMethodError'{0x000000008c794108}: 'int java.lang.invoke.DirectMethodHandle$Holder.invokeInterface(java.lang.Object, java.lang.Object, int)'> (0x000000008c794108) thrown at [./src/hotspot/share/interpreter/linkResolver.cpp, line 773]

Events (20 events):
Event: 12292.525 loading class com/android/tools/r8/internal/ID0 done
Event: 12292.621 loading class com/android/tools/r8/internal/w81
Event: 12292.621 loading class com/android/tools/r8/internal/w81 done
Event: 12292.621 loading class com/android/tools/r8/internal/w81
Event: 12292.621 loading class com/android/tools/r8/internal/w81 done
Event: 12292.635 loading class com/android/tools/r8/internal/GW0
Event: 12292.635 loading class com/android/tools/r8/internal/GW0 done
Event: 12292.701 Executing VM operation: G1CollectForAllocation
Event: 12292.711 Executing VM operation: G1CollectForAllocation done
Event: 12293.100 Executing VM operation: CGC_Operation
Event: 12293.131 Executing VM operation: CGC_Operation done
Event: 12293.325 Executing VM operation: CGC_Operation
Event: 12293.327 Executing VM operation: CGC_Operation done
Event: 12293.517 Executing VM operation: G1CollectForAllocation
Event: 12293.525 Executing VM operation: G1CollectForAllocation done
Event: 12293.593 Executing VM operation: G1CollectForAllocation
Event: 12293.618 Executing VM operation: G1CollectForAllocation done
Event: 12293.732 loading class com/android/tools/r8/internal/NY0
Event: 12293.732 loading class com/android/tools/r8/internal/NY0 done
Event: 12293.854 Executing VM operation: G1CollectForAllocation


Dynamic libraries:
0x00007ff6c2e00000 - 0x00007ff6c2e0a000 	C:\Program Files\Android\Android Studio\jre\bin\java.exe
0x00007ffec48d0000 - 0x00007ffec4ac5000 	C:\Windows\SYSTEM32\ntdll.dll
0x00007ffec4710000 - 0x00007ffec47ce000 	C:\Windows\System32\KERNEL32.DLL
0x00007ffec23f0000 - 0x00007ffec26b8000 	C:\Windows\System32\KERNELBASE.dll
0x00007ffec2260000 - 0x00007ffec2360000 	C:\Windows\System32\ucrtbase.dll
0x00007ffeba480000 - 0x00007ffeba497000 	C:\Program Files\Android\Android Studio\jre\bin\VCRUNTIME140.dll
0x00007ffeba460000 - 0x00007ffeba479000 	C:\Program Files\Android\Android Studio\jre\bin\jli.dll
0x00007ffec32d0000 - 0x00007ffec3470000 	C:\Windows\System32\USER32.dll
0x00007ffec1ff0000 - 0x00007ffec2012000 	C:\Windows\System32\win32u.dll
0x00007ffec47d0000 - 0x00007ffec47fb000 	C:\Windows\System32\GDI32.dll
0x00007ffec2150000 - 0x00007ffec225b000 	C:\Windows\System32\gdi32full.dll
0x00007ffec26c0000 - 0x00007ffec275d000 	C:\Windows\System32\msvcp_win.dll
0x00007ffeb6250000 - 0x00007ffeb64ea000 	C:\Windows\WinSxS\amd64_microsoft.windows.common-controls_6595b64144ccf1df_6.0.19041.1110_none_60b5254171f9507e\COMCTL32.dll
0x00007ffec2d30000 - 0x00007ffec2dce000 	C:\Windows\System32\msvcrt.dll
0x00007ffec2a00000 - 0x00007ffec2a30000 	C:\Windows\System32\IMM32.DLL
0x00007ffe9db10000 - 0x00007ffe9dbad000 	C:\Program Files\Android\Android Studio\jre\bin\msvcp140.dll
0x00007ffe9a190000 - 0x00007ffe9ac65000 	C:\Program Files\Android\Android Studio\jre\bin\server\jvm.dll
0x00007ffec2c80000 - 0x00007ffec2d2e000 	C:\Windows\System32\ADVAPI32.dll
0x00007ffec2bd0000 - 0x00007ffec2c6c000 	C:\Windows\System32\sechost.dll
0x00007ffec35e0000 - 0x00007ffec3705000 	C:\Windows\System32\RPCRT4.dll
0x00007ffec2c70000 - 0x00007ffec2c78000 	C:\Windows\System32\PSAPI.DLL
0x00007ffebf6a0000 - 0x00007ffebf6a9000 	C:\Windows\SYSTEM32\WSOCK32.dll
0x00007ffec2dd0000 - 0x00007ffec2e3b000 	C:\Windows\System32\WS2_32.dll
0x00007ffeb7150000 - 0x00007ffeb7177000 	C:\Windows\SYSTEM32\WINMM.dll
0x00007ffeb4800000 - 0x00007ffeb480a000 	C:\Windows\SYSTEM32\VERSION.dll
0x00007ffec00e0000 - 0x00007ffec00f2000 	C:\Windows\SYSTEM32\kernel.appcore.dll
0x00007ffebdb70000 - 0x00007ffebdb81000 	C:\Program Files\Android\Android Studio\jre\bin\verify.dll
0x00007ffeb3890000 - 0x00007ffeb3a74000 	C:\Windows\SYSTEM32\DBGHELP.DLL
0x00007ffeb3010000 - 0x00007ffeb303c000 	C:\Windows\SYSTEM32\dbgcore.DLL
0x00007ffec2360000 - 0x00007ffec23e2000 	C:\Windows\System32\bcryptPrimitives.dll
0x00007ffebd130000 - 0x00007ffebd159000 	C:\Program Files\Android\Android Studio\jre\bin\java.dll
0x00007ffebdad0000 - 0x00007ffebdadb000 	C:\Program Files\Android\Android Studio\jre\bin\jimage.dll
0x00007ffebbe80000 - 0x00007ffebbe98000 	C:\Program Files\Android\Android Studio\jre\bin\zip.dll
0x00007ffec3710000 - 0x00007ffec3e54000 	C:\Windows\System32\SHELL32.dll
0x00007ffec0100000 - 0x00007ffec0894000 	C:\Windows\SYSTEM32\windows.storage.dll
0x00007ffec2f70000 - 0x00007ffec32c4000 	C:\Windows\System32\combase.dll
0x00007ffec1980000 - 0x00007ffec19ac000 	C:\Windows\SYSTEM32\Wldp.dll
0x00007ffec41f0000 - 0x00007ffec429d000 	C:\Windows\System32\SHCORE.dll
0x00007ffec29a0000 - 0x00007ffec29f5000 	C:\Windows\System32\shlwapi.dll
0x00007ffec1f30000 - 0x00007ffec1f4f000 	C:\Windows\SYSTEM32\profapi.dll
0x00007ffeb4860000 - 0x00007ffeb487a000 	C:\Program Files\Android\Android Studio\jre\bin\net.dll
0x00007ffeb5da0000 - 0x00007ffeb5ea9000 	C:\Windows\SYSTEM32\WINHTTP.dll
0x00007ffec16e0000 - 0x00007ffec174a000 	C:\Windows\system32\mswsock.dll
0x00007ffeb22d0000 - 0x00007ffeb22e4000 	C:\Program Files\Android\Android Studio\jre\bin\nio.dll
0x00007ffebb1c0000 - 0x00007ffebb1e7000 	C:\Users\DELL\.gradle\native\e1d6ef7f7dcc3fd88c89a11ec53ec762bb8ba0a96d01ffa2cd45eb1d1d8dd5c5\windows-amd64\native-platform.dll
0x00007ffe9c160000 - 0x00007ffe9c2a4000 	C:\Users\DELL\.gradle\native\5664cfc778a61ccfe75a443a1ab52a65af34e5dc3c78e0209fed803814484fcb\windows-amd64\native-platform-file-events.dll
0x00007ffebdaa0000 - 0x00007ffebdaaa000 	C:\Program Files\Android\Android Studio\jre\bin\management.dll
0x00007ffebda80000 - 0x00007ffebda8d000 	C:\Program Files\Android\Android Studio\jre\bin\management_ext.dll
0x00007ffec18e0000 - 0x00007ffec18f8000 	C:\Windows\SYSTEM32\CRYPTSP.dll
0x00007ffec1060000 - 0x00007ffec1094000 	C:\Windows\system32\rsaenh.dll
0x00007ffec20d0000 - 0x00007ffec20f7000 	C:\Windows\System32\bcrypt.dll
0x00007ffec1eb0000 - 0x00007ffec1ede000 	C:\Windows\SYSTEM32\USERENV.dll
0x00007ffec18d0000 - 0x00007ffec18dc000 	C:\Windows\SYSTEM32\CRYPTBASE.dll
0x00007ffec13d0000 - 0x00007ffec140b000 	C:\Windows\SYSTEM32\IPHLPAPI.DLL
0x00007ffec3470000 - 0x00007ffec3478000 	C:\Windows\System32\NSI.dll
0x00007ffeb9e70000 - 0x00007ffeb9e87000 	C:\Windows\SYSTEM32\dhcpcsvc6.DLL
0x00007ffeba270000 - 0x00007ffeba28d000 	C:\Windows\SYSTEM32\dhcpcsvc.DLL
0x00007ffec1410000 - 0x00007ffec14da000 	C:\Windows\SYSTEM32\DNSAPI.dll
0x00007ffebae20000 - 0x00007ffebae47000 	C:\Program Files\Android\Android Studio\jre\bin\sunec.dll
0x00007ffeb5b40000 - 0x00007ffeb5b4a000 	C:\Windows\System32\rasadhlp.dll
0x00007ffeb5d20000 - 0x00007ffeb5d9f000 	C:\Windows\System32\fwpuclnt.dll
0x00007ffec0db0000 - 0x00007ffec0de3000 	C:\Windows\SYSTEM32\ntmarta.dll

dbghelp: loaded successfully - version: 4.0.5 - missing functions: none
symbol engine: initialized successfully - sym options: 0x614 - pdb path: .;C:\Program Files\Android\Android Studio\jre\bin;C:\Windows\SYSTEM32;C:\Windows\WinSxS\amd64_microsoft.windows.common-controls_6595b64144ccf1df_6.0.19041.1110_none_60b5254171f9507e;C:\Program Files\Android\Android Studio\jre\bin\server;C:\Users\DELL\.gradle\native\e1d6ef7f7dcc3fd88c89a11ec53ec762bb8ba0a96d01ffa2cd45eb1d1d8dd5c5\windows-amd64;C:\Users\DELL\.gradle\native\5664cfc778a61ccfe75a443a1ab52a65af34e5dc3c78e0209fed803814484fcb\windows-amd64

VM Arguments:
jvm_args: --add-opens=java.base/java.util=ALL-UNNAMED --add-opens=java.base/java.lang=ALL-UNNAMED --add-opens=java.base/java.lang.invoke=ALL-UNNAMED --add-opens=java.base/java.util=ALL-UNNAMED --add-opens=java.prefs/java.util.prefs=ALL-UNNAMED --add-opens=java.prefs/java.util.prefs=ALL-UNNAMED --add-opens=java.base/java.nio.charset=ALL-UNNAMED --add-opens=java.base/java.net=ALL-UNNAMED --add-opens=java.base/java.util.concurrent.atomic=ALL-UNNAMED -Xmx2048m -Dfile.encoding=UTF-8 -Duser.country=GB -Duser.language=en -Duser.variant 
java_command: org.gradle.launcher.daemon.bootstrap.GradleDaemon 7.2
java_class_path (initial): C:\Users\DELL\.gradle\wrapper\dists\gradle-7.2-bin\2dnblmf4td7x66yl1d74lt32g\gradle-7.2\lib\gradle-launcher-7.2.jar
Launcher Type: SUN_STANDARD

[Global flags]
     intx CICompilerCount                          = 3                                         {product} {ergonomic}
     uint ConcGCThreads                            = 1                                         {product} {ergonomic}
     uint G1ConcRefinementThreads                  = 4                                         {product} {ergonomic}
   size_t G1HeapRegionSize                         = 1048576                                   {product} {ergonomic}
    uintx GCDrainStackTargetSize                   = 64                                        {product} {ergonomic}
   size_t InitialHeapSize                          = 134217728                                 {product} {ergonomic}
   size_t MarkStackSize                            = 4194304                                   {product} {ergonomic}
   size_t MaxHeapSize                              = 2147483648                                {product} {command line}
   size_t MaxNewSize                               = 1287651328                                {product} {ergonomic}
   size_t MinHeapDeltaBytes                        = 1048576                                   {product} {ergonomic}
    uintx NonNMethodCodeHeapSize                   = 5830732                                {pd product} {ergonomic}
    uintx NonProfiledCodeHeapSize                  = 122913754                              {pd product} {ergonomic}
    uintx ProfiledCodeHeapSize                     = 122913754                              {pd product} {ergonomic}
    uintx ReservedCodeCacheSize                    = 251658240                              {pd product} {ergonomic}
     bool SegmentedCodeCache                       = true                                      {product} {ergonomic}
     bool UseCompressedClassPointers               = true                                 {lp64_product} {ergonomic}
     bool UseCompressedOops                        = true                                 {lp64_product} {ergonomic}
     bool UseG1GC                                  = true                                      {product} {ergonomic}
     bool UseLargePagesIndividualAllocation        = false                                  {pd product} {ergonomic}

Logging:
Log output configuration:
 #0: stdout all=warning uptime,level,tags
 #1: stderr all=off uptime,level,tags

Environment Variables:
PATH=C:\Program Files\Eclipse Foundation\jdk-16.0.2.7-hotspot\bin;C:\Program Files (x86)\Common Files\Oracle\Java\javapath;C:\Program Files (x86)\Intel\iCLS Client\;C:\Program Files\Intel\iCLS Client\;C:\Windows\system32;C:\Windows;C:\Windows\System32\Wbem;C:\Windows\System32\WindowsPowerShell\v1.0\;C:\Windows\System32\OpenSSH\;C:\Program Files (x86)\Intel\Intel(R) Management Engine Components\DAL;C:\Program Files\Intel\Intel(R) Management Engine Components\DAL;C:\Program Files (x86)\Intel\Intel(R) Management Engine Components\IPT;C:\Program Files\Intel\Intel(R) Management Engine Components\IPT;C:\VituralBoxMachines;C:\Program Files\Microsoft SQL Server\130\Tools\Binn\;C:\Program Files\Microsoft SQL Server\Client SDK\ODBC\170\Tools\Binn\;C:\Program Files\Git\cmd;C:\Program Files\dotnet\;C:\Users\DELL\AppData\Roaming\nvm;C:\Program Files\nodejs;C:\Program Files\MySQL\MySQL Shell 8.0\bin\;C:\Users\DELL\AppData\Local\Programs\Python\Python39\Scripts\;C:\Users\DELL\AppData\Local\Programs\Python\Python39\;C:\Users\DELL\AppData\Local\Microsoft\WindowsApps;C:\Users\DELL\AppData\Local\Programs\Microsoft VS Code\bin;C:\Users\DELL\AppData\Local\GitHubDesktop\bin;C:\Users\DELL\.dotnet\tools;C:\Users\DELL\AppData\Roaming\nvm;C:\Program Files\nodejs
USERNAME=DELL
OS=Windows_NT
PROCESSOR_IDENTIFIER=Intel64 Family 6 Model 69 Stepping 1, GenuineIntel



---------------  S Y S T E M  ---------------

OS: Windows 10 , 64 bit Build 19041 (10.0.19041.1566)
OS uptime: 1 days 1:59 hours

CPU:total 4 (initial active 4) (2 cores per cpu, 2 threads per core) family 6 model 69 stepping 1 microcode 0x25, cmov, cx8, fxsr, mmx, sse, sse2, sse3, ssse3, sse4.1, sse4.2, popcnt, avx, avx2, aes, clmul, erms, lzcnt, ht, tsc, tscinvbit, bmi1, bmi2, fma

Memory: 4k page, system-wide physical 8097M (486M free)
TotalPageFile size 10297M (AvailPageFile size 106M)
current process WorkingSet (physical memory assigned to process): 636M, peak: 641M
current process commit charge ("private bytes"): 747M, peak: 800M

vm_info: OpenJDK 64-Bit Server VM (11.0.11+9-b60-7590822) for windows-amd64 JRE (11.0.11+9-b60-7590822), built on Jul 29 2021 21:43:44 by "builder" with MS VC++ 14.0 (VS2015)

END.
