#
# There is insufficient memory for the Java Runtime Environment to continue.
# Native memory allocation (malloc) failed to allocate 32744 bytes for ChunkPool::allocate
# Possible reasons:
#   The system is out of physical RAM or swap space
#   The process is running with CompressedOops enabled, and the Java Heap may be blocking the growth of the native heap
# Possible solutions:
#   Reduce memory load on the system
#   Increase physical memory or swap space
#   Check if swap backing store is full
#   Decrease Java heap size (-Xmx/-Xms)
#   Decrease number of Java threads
#   Decrease Java thread stack sizes (-Xss)
#   Set larger code cache with -XX:ReservedCodeCacheSize=
#   JVM is running with Unscaled Compressed Oops mode in which the Java heap is
#     placed in the first 4GB address space. The Java Heap base address is the
#     maximum limit for the native heap growth. Please use -XX:HeapBaseMinAddress
#     to set the Java Heap base and to place the Java Heap above 4GB virtual address.
# This output file may be truncated or incomplete.
#
#  Out of Memory Error (./src/hotspot/share/memory/arena.cpp:81), pid=12656, tid=12636
#
# JRE version: OpenJDK Runtime Environment (11.0.11+9) (build 11.0.11+9-b60-7590822)
# Java VM: OpenJDK 64-Bit Server VM (11.0.11+9-b60-7590822, mixed mode, tiered, compressed oops, g1 gc, windows-amd64)
# No core dump will be written. Minidumps are not enabled by default on client versions of Windows
#

---------------  S U M M A R Y ------------

Command Line: org.jetbrains.git4idea.http.GitAskPassApp Username for 'https://github.com': 

Host: Intel(R) Core(TM) i7-4600U CPU @ 2.10GHz, 4 cores, 7G,  Windows 10 , 64 bit Build 19041 (10.0.19041.1566)
Time: Sun Apr  3 21:51:46 2022 GMT Summer Time elapsed time: 0.268559 seconds (0d 0h 0m 0s)

---------------  T H R E A D  ---------------

Current thread (0x0000014c7fd0a000):  JavaThread "C1 CompilerThread0" daemon [_thread_in_native, id=12636, stack(0x000000476a700000,0x000000476a800000)]


Current CompileTask:
C1:    268  192       3      
[error occurred during error reporting (printing current compile task), id 0xe0000001, Out of Memory Error (./src/hotspot/share/memory/arena.cpp:81)]

Stack: [0x000000476a700000,0x000000476a800000]
Native frames: (J=compiled Java code, j=interpreted, Vv=VM code, C=native code)
V  [jvm.dll+0x5f214a]
V  [jvm.dll+0x726fb5]
V  [jvm.dll+0x7285cd]
V  [jvm.dll+0x728c83]
V  [jvm.dll+0x243278]
V  [jvm.dll+0xbc78b]
V  [jvm.dll+0xbca3c]
V  [jvm.dll+0x6ba12a]
V  [jvm.dll+0x6ba279]
V  [jvm.dll+0x4c9902]
V  [jvm.dll+0x5aa159]
V  [jvm.dll+0x20e225]
V  [jvm.dll+0x20e637]
V  [jvm.dll+0x726e53]
V  [jvm.dll+0x7285cd]
V  [jvm.dll+0x728c83]
V  [jvm.dll+0x243278]
V  [jvm.dll+0xbc78b]
V  [jvm.dll+0xbca3c]
V  [jvm.dll+0x1abafd]
V  [jvm.dll+0x1ab4e9]
V  [jvm.dll+0x15bd69]
V  [jvm.dll+0x160e53]
V  [jvm.dll+0x14ef9e]
V  [jvm.dll+0x13b400]
V  [jvm.dll+0x123f90]
V  [jvm.dll+0x123b29]
V  [jvm.dll+0x123c93]
V  [jvm.dll+0x122fa7]
V  [jvm.dll+0x124b77]
V  [jvm.dll+0x209a57]
V  [jvm.dll+0x2082a1]
V  [jvm.dll+0x6ef58f]
V  [jvm.dll+0x6e80b5]
V  [jvm.dll+0x5f1036]
C  [ucrtbase.dll+0x21bb2]
C  [KERNEL32.DLL+0x17034]
C  [ntdll.dll+0x52651]


---------------  P R O C E S S  ---------------

Threads class SMR info:
_java_thread_list=0x0000014c192fab70, length=10, elements={
0x0000014c7eb0d000, 0x0000014c7fcda800, 0x0000014c7fcdc000, 0x0000014c7fcf6800,
0x0000014c7fcf8000, 0x0000014c7fcfa000, 0x0000014c7fd00800, 0x0000014c7fd0a000,
0x0000014c7fd15800, 0x0000014c19310000
}

Java Threads: ( => current thread )
  0x0000014c7eb0d000 JavaThread "main" [_thread_in_vm, id=11292, stack(0x0000004769a00000,0x0000004769b00000)]
  0x0000014c7fcda800 JavaThread "Reference Handler" daemon [_thread_blocked, id=10420, stack(0x000000476a100000,0x000000476a200000)]
  0x0000014c7fcdc000 JavaThread "Finalizer" daemon [_thread_blocked, id=9268, stack(0x000000476a200000,0x000000476a300000)]
  0x0000014c7fcf6800 JavaThread "Signal Dispatcher" daemon [_thread_blocked, id=7508, stack(0x000000476a300000,0x000000476a400000)]
  0x0000014c7fcf8000 JavaThread "Attach Listener" daemon [_thread_blocked, id=3156, stack(0x000000476a400000,0x000000476a500000)]
  0x0000014c7fcfa000 JavaThread "Service Thread" daemon [_thread_blocked, id=10004, stack(0x000000476a500000,0x000000476a600000)]
  0x0000014c7fd00800 JavaThread "C2 CompilerThread0" daemon [_thread_blocked, id=1416, stack(0x000000476a600000,0x000000476a700000)]
=>0x0000014c7fd0a000 JavaThread "C1 CompilerThread0" daemon [_thread_in_native, id=12636, stack(0x000000476a700000,0x000000476a800000)]
  0x0000014c7fd15800 JavaThread "Sweeper thread" daemon [_thread_blocked, id=2392, stack(0x000000476a800000,0x000000476a900000)]
  0x0000014c19310000 JavaThread "Common-Cleaner" daemon [_thread_blocked, id=7044, stack(0x000000476aa00000,0x000000476ab00000)]

Other Threads:
  0x0000014c7fcb6000 VMThread "VM Thread" [stack: 0x000000476a000000,0x000000476a100000] [id=1484]
  0x0000014c19303800 WatcherThread [stack: 0x000000476a900000,0x000000476aa00000] [id=8332]
  0x0000014c7eb24800 GCTaskThread "GC Thread#0" [stack: 0x0000004769b00000,0x0000004769c00000] [id=7748]
  0x0000014c7eb56000 ConcurrentGCThread "G1 Main Marker" [stack: 0x0000004769c00000,0x0000004769d00000] [id=1896]
  0x0000014c7eb59800 ConcurrentGCThread "G1 Conc#0" [stack: 0x0000004769d00000,0x0000004769e00000] [id=8268]
  0x0000014c7ebed800 ConcurrentGCThread "G1 Refine#0" [stack: 0x0000004769e00000,0x0000004769f00000] [id=6324]
  0x0000014c7fb20800 ConcurrentGCThread "G1 Young RemSet Sampling" [stack: 0x0000004769f00000,0x000000476a000000] [id=10936]

Threads with active compile tasks:
C1 CompilerThread0    312  192       3       jdk.internal.org.objectweb.asm.Frame::execute (2264 bytes)

VM state:not at safepoint (normal execution)

VM Mutex/Monitor currently owned by a thread:  ([mutex/lock_event])
[0x0000014c7eb07d60] SymbolTable_lock - owner thread: 0x0000014c7eb0d000

Heap address: 0x0000000081600000, size: 2026 MB, Compressed Oops mode: 32-bit
Narrow klass base: 0x0000000000000000, Narrow klass shift: 3
Compressed class space size: 1073741824 Address: 0x0000000100000000

Heap:
 garbage-first heap   total 131072K, used 1024K [0x0000000081600000, 0x0000000100000000)
  region size 1024K, 2 young (2048K), 0 survivors (0K)
 Metaspace       used 5831K, capacity 5898K, committed 6016K, reserved 1056768K
  class space    used 503K, capacity 537K, committed 640K, reserved 1048576K
Heap Regions: E=young(eden), S=young(survivor), O=old, HS=humongous(starts), HC=humongous(continues), CS=collection set, F=free, A=archive, TAMS=top-at-mark-start (previous, next)
|   0|0x0000000081600000, 0x0000000081600000, 0x0000000081700000|  0%| F|  |TAMS 0x0000000081600000, 0x0000000081600000| Untracked 
|   1|0x0000000081700000, 0x0000000081700000, 0x0000000081800000|  0%| F|  |TAMS 0x0000000081700000, 0x0000000081700000| Untracked 
|   2|0x0000000081800000, 0x0000000081800000, 0x0000000081900000|  0%| F|  |TAMS 0x0000000081800000, 0x0000000081800000| Untracked 
|   3|0x0000000081900000, 0x0000000081900000, 0x0000000081a00000|  0%| F|  |TAMS 0x0000000081900000, 0x0000000081900000| Untracked 
|   4|0x0000000081a00000, 0x0000000081a00000, 0x0000000081b00000|  0%| F|  |TAMS 0x0000000081a00000, 0x0000000081a00000| Untracked 
|   5|0x0000000081b00000, 0x0000000081b00000, 0x0000000081c00000|  0%| F|  |TAMS 0x0000000081b00000, 0x0000000081b00000| Untracked 
|   6|0x0000000081c00000, 0x0000000081c00000, 0x0000000081d00000|  0%| F|  |TAMS 0x0000000081c00000, 0x0000000081c00000| Untracked 
|   7|0x0000000081d00000, 0x0000000081d00000, 0x0000000081e00000|  0%| F|  |TAMS 0x0000000081d00000, 0x0000000081d00000| Untracked 
|   8|0x0000000081e00000, 0x0000000081e00000, 0x0000000081f00000|  0%| F|  |TAMS 0x0000000081e00000, 0x0000000081e00000| Untracked 
|   9|0x0000000081f00000, 0x0000000081f00000, 0x0000000082000000|  0%| F|  |TAMS 0x0000000081f00000, 0x0000000081f00000| Untracked 
|  10|0x0000000082000000, 0x0000000082000000, 0x0000000082100000|  0%| F|  |TAMS 0x0000000082000000, 0x0000000082000000| Untracked 
|  11|0x0000000082100000, 0x0000000082100000, 0x0000000082200000|  0%| F|  |TAMS 0x0000000082100000, 0x0000000082100000| Untracked 
|  12|0x0000000082200000, 0x0000000082200000, 0x0000000082300000|  0%| F|  |TAMS 0x0000000082200000, 0x0000000082200000| Untracked 
|  13|0x0000000082300000, 0x0000000082300000, 0x0000000082400000|  0%| F|  |TAMS 0x0000000082300000, 0x0000000082300000| Untracked 
|  14|0x0000000082400000, 0x0000000082400000, 0x0000000082500000|  0%| F|  |TAMS 0x0000000082400000, 0x0000000082400000| Untracked 
|  15|0x0000000082500000, 0x0000000082500000, 0x0000000082600000|  0%| F|  |TAMS 0x0000000082500000, 0x0000000082500000| Untracked 
|  16|0x0000000082600000, 0x0000000082600000, 0x0000000082700000|  0%| F|  |TAMS 0x0000000082600000, 0x0000000082600000| Untracked 
|  17|0x0000000082700000, 0x0000000082700000, 0x0000000082800000|  0%| F|  |TAMS 0x0000000082700000, 0x0000000082700000| Untracked 
|  18|0x0000000082800000, 0x0000000082800000, 0x0000000082900000|  0%| F|  |TAMS 0x0000000082800000, 0x0000000082800000| Untracked 
|  19|0x0000000082900000, 0x0000000082900000, 0x0000000082a00000|  0%| F|  |TAMS 0x0000000082900000, 0x0000000082900000| Untracked 
|  20|0x0000000082a00000, 0x0000000082a00000, 0x0000000082b00000|  0%| F|  |TAMS 0x0000000082a00000, 0x0000000082a00000| Untracked 
|  21|0x0000000082b00000, 0x0000000082b00000, 0x0000000082c00000|  0%| F|  |TAMS 0x0000000082b00000, 0x0000000082b00000| Untracked 
|  22|0x0000000082c00000, 0x0000000082c00000, 0x0000000082d00000|  0%| F|  |TAMS 0x0000000082c00000, 0x0000000082c00000| Untracked 
|  23|0x0000000082d00000, 0x0000000082d00000, 0x0000000082e00000|  0%| F|  |TAMS 0x0000000082d00000, 0x0000000082d00000| Untracked 
|  24|0x0000000082e00000, 0x0000000082e00000, 0x0000000082f00000|  0%| F|  |TAMS 0x0000000082e00000, 0x0000000082e00000| Untracked 
|  25|0x0000000082f00000, 0x0000000082f00000, 0x0000000083000000|  0%| F|  |TAMS 0x0000000082f00000, 0x0000000082f00000| Untracked 
|  26|0x0000000083000000, 0x0000000083000000, 0x0000000083100000|  0%| F|  |TAMS 0x0000000083000000, 0x0000000083000000| Untracked 
|  27|0x0000000083100000, 0x0000000083100000, 0x0000000083200000|  0%| F|  |TAMS 0x0000000083100000, 0x0000000083100000| Untracked 
|  28|0x0000000083200000, 0x0000000083200000, 0x0000000083300000|  0%| F|  |TAMS 0x0000000083200000, 0x0000000083200000| Untracked 
|  29|0x0000000083300000, 0x0000000083300000, 0x0000000083400000|  0%| F|  |TAMS 0x0000000083300000, 0x0000000083300000| Untracked 
|  30|0x0000000083400000, 0x0000000083400000, 0x0000000083500000|  0%| F|  |TAMS 0x0000000083400000, 0x0000000083400000| Untracked 
|  31|0x0000000083500000, 0x0000000083500000, 0x0000000083600000|  0%| F|  |TAMS 0x0000000083500000, 0x0000000083500000| Untracked 
|  32|0x0000000083600000, 0x0000000083600000, 0x0000000083700000|  0%| F|  |TAMS 0x0000000083600000, 0x0000000083600000| Untracked 
|  33|0x0000000083700000, 0x0000000083700000, 0x0000000083800000|  0%| F|  |TAMS 0x0000000083700000, 0x0000000083700000| Untracked 
|  34|0x0000000083800000, 0x0000000083800000, 0x0000000083900000|  0%| F|  |TAMS 0x0000000083800000, 0x0000000083800000| Untracked 
|  35|0x0000000083900000, 0x0000000083900000, 0x0000000083a00000|  0%| F|  |TAMS 0x0000000083900000, 0x0000000083900000| Untracked 
|  36|0x0000000083a00000, 0x0000000083a00000, 0x0000000083b00000|  0%| F|  |TAMS 0x0000000083a00000, 0x0000000083a00000| Untracked 
|  37|0x0000000083b00000, 0x0000000083b00000, 0x0000000083c00000|  0%| F|  |TAMS 0x0000000083b00000, 0x0000000083b00000| Untracked 
|  38|0x0000000083c00000, 0x0000000083c00000, 0x0000000083d00000|  0%| F|  |TAMS 0x0000000083c00000, 0x0000000083c00000| Untracked 
|  39|0x0000000083d00000, 0x0000000083d00000, 0x0000000083e00000|  0%| F|  |TAMS 0x0000000083d00000, 0x0000000083d00000| Untracked 
|  40|0x0000000083e00000, 0x0000000083e00000, 0x0000000083f00000|  0%| F|  |TAMS 0x0000000083e00000, 0x0000000083e00000| Untracked 
|  41|0x0000000083f00000, 0x0000000083f00000, 0x0000000084000000|  0%| F|  |TAMS 0x0000000083f00000, 0x0000000083f00000| Untracked 
|  42|0x0000000084000000, 0x0000000084000000, 0x0000000084100000|  0%| F|  |TAMS 0x0000000084000000, 0x0000000084000000| Untracked 
|  43|0x0000000084100000, 0x0000000084100000, 0x0000000084200000|  0%| F|  |TAMS 0x0000000084100000, 0x0000000084100000| Untracked 
|  44|0x0000000084200000, 0x0000000084200000, 0x0000000084300000|  0%| F|  |TAMS 0x0000000084200000, 0x0000000084200000| Untracked 
|  45|0x0000000084300000, 0x0000000084300000, 0x0000000084400000|  0%| F|  |TAMS 0x0000000084300000, 0x0000000084300000| Untracked 
|  46|0x0000000084400000, 0x0000000084400000, 0x0000000084500000|  0%| F|  |TAMS 0x0000000084400000, 0x0000000084400000| Untracked 
|  47|0x0000000084500000, 0x0000000084500000, 0x0000000084600000|  0%| F|  |TAMS 0x0000000084500000, 0x0000000084500000| Untracked 
|  48|0x0000000084600000, 0x0000000084600000, 0x0000000084700000|  0%| F|  |TAMS 0x0000000084600000, 0x0000000084600000| Untracked 
|  49|0x0000000084700000, 0x0000000084700000, 0x0000000084800000|  0%| F|  |TAMS 0x0000000084700000, 0x0000000084700000| Untracked 
|  50|0x0000000084800000, 0x0000000084800000, 0x0000000084900000|  0%| F|  |TAMS 0x0000000084800000, 0x0000000084800000| Untracked 
|  51|0x0000000084900000, 0x0000000084900000, 0x0000000084a00000|  0%| F|  |TAMS 0x0000000084900000, 0x0000000084900000| Untracked 
|  52|0x0000000084a00000, 0x0000000084a00000, 0x0000000084b00000|  0%| F|  |TAMS 0x0000000084a00000, 0x0000000084a00000| Untracked 
|  53|0x0000000084b00000, 0x0000000084b00000, 0x0000000084c00000|  0%| F|  |TAMS 0x0000000084b00000, 0x0000000084b00000| Untracked 
|  54|0x0000000084c00000, 0x0000000084c00000, 0x0000000084d00000|  0%| F|  |TAMS 0x0000000084c00000, 0x0000000084c00000| Untracked 
|  55|0x0000000084d00000, 0x0000000084d00000, 0x0000000084e00000|  0%| F|  |TAMS 0x0000000084d00000, 0x0000000084d00000| Untracked 
|  56|0x0000000084e00000, 0x0000000084e00000, 0x0000000084f00000|  0%| F|  |TAMS 0x0000000084e00000, 0x0000000084e00000| Untracked 
|  57|0x0000000084f00000, 0x0000000084f00000, 0x0000000085000000|  0%| F|  |TAMS 0x0000000084f00000, 0x0000000084f00000| Untracked 
|  58|0x0000000085000000, 0x0000000085000000, 0x0000000085100000|  0%| F|  |TAMS 0x0000000085000000, 0x0000000085000000| Untracked 
|  59|0x0000000085100000, 0x0000000085100000, 0x0000000085200000|  0%| F|  |TAMS 0x0000000085100000, 0x0000000085100000| Untracked 
|  60|0x0000000085200000, 0x0000000085200000, 0x0000000085300000|  0%| F|  |TAMS 0x0000000085200000, 0x0000000085200000| Untracked 
|  61|0x0000000085300000, 0x0000000085300000, 0x0000000085400000|  0%| F|  |TAMS 0x0000000085300000, 0x0000000085300000| Untracked 
|  62|0x0000000085400000, 0x0000000085400000, 0x0000000085500000|  0%| F|  |TAMS 0x0000000085400000, 0x0000000085400000| Untracked 
|  63|0x0000000085500000, 0x0000000085500000, 0x0000000085600000|  0%| F|  |TAMS 0x0000000085500000, 0x0000000085500000| Untracked 
|  64|0x0000000085600000, 0x0000000085600000, 0x0000000085700000|  0%| F|  |TAMS 0x0000000085600000, 0x0000000085600000| Untracked 
|  65|0x0000000085700000, 0x0000000085700000, 0x0000000085800000|  0%| F|  |TAMS 0x0000000085700000, 0x0000000085700000| Untracked 
|  66|0x0000000085800000, 0x0000000085800000, 0x0000000085900000|  0%| F|  |TAMS 0x0000000085800000, 0x0000000085800000| Untracked 
|  67|0x0000000085900000, 0x0000000085900000, 0x0000000085a00000|  0%| F|  |TAMS 0x0000000085900000, 0x0000000085900000| Untracked 
|  68|0x0000000085a00000, 0x0000000085a00000, 0x0000000085b00000|  0%| F|  |TAMS 0x0000000085a00000, 0x0000000085a00000| Untracked 
|  69|0x0000000085b00000, 0x0000000085b00000, 0x0000000085c00000|  0%| F|  |TAMS 0x0000000085b00000, 0x0000000085b00000| Untracked 
|  70|0x0000000085c00000, 0x0000000085c00000, 0x0000000085d00000|  0%| F|  |TAMS 0x0000000085c00000, 0x0000000085c00000| Untracked 
|  71|0x0000000085d00000, 0x0000000085d00000, 0x0000000085e00000|  0%| F|  |TAMS 0x0000000085d00000, 0x0000000085d00000| Untracked 
|  72|0x0000000085e00000, 0x0000000085e00000, 0x0000000085f00000|  0%| F|  |TAMS 0x0000000085e00000, 0x0000000085e00000| Untracked 
|  73|0x0000000085f00000, 0x0000000085f00000, 0x0000000086000000|  0%| F|  |TAMS 0x0000000085f00000, 0x0000000085f00000| Untracked 
|  74|0x0000000086000000, 0x0000000086000000, 0x0000000086100000|  0%| F|  |TAMS 0x0000000086000000, 0x0000000086000000| Untracked 
|  75|0x0000000086100000, 0x0000000086100000, 0x0000000086200000|  0%| F|  |TAMS 0x0000000086100000, 0x0000000086100000| Untracked 
|  76|0x0000000086200000, 0x0000000086200000, 0x0000000086300000|  0%| F|  |TAMS 0x0000000086200000, 0x0000000086200000| Untracked 
|  77|0x0000000086300000, 0x0000000086300000, 0x0000000086400000|  0%| F|  |TAMS 0x0000000086300000, 0x0000000086300000| Untracked 
|  78|0x0000000086400000, 0x0000000086400000, 0x0000000086500000|  0%| F|  |TAMS 0x0000000086400000, 0x0000000086400000| Untracked 
|  79|0x0000000086500000, 0x0000000086500000, 0x0000000086600000|  0%| F|  |TAMS 0x0000000086500000, 0x0000000086500000| Untracked 
|  80|0x0000000086600000, 0x0000000086600000, 0x0000000086700000|  0%| F|  |TAMS 0x0000000086600000, 0x0000000086600000| Untracked 
|  81|0x0000000086700000, 0x0000000086700000, 0x0000000086800000|  0%| F|  |TAMS 0x0000000086700000, 0x0000000086700000| Untracked 
|  82|0x0000000086800000, 0x0000000086800000, 0x0000000086900000|  0%| F|  |TAMS 0x0000000086800000, 0x0000000086800000| Untracked 
|  83|0x0000000086900000, 0x0000000086900000, 0x0000000086a00000|  0%| F|  |TAMS 0x0000000086900000, 0x0000000086900000| Untracked 
|  84|0x0000000086a00000, 0x0000000086a00000, 0x0000000086b00000|  0%| F|  |TAMS 0x0000000086a00000, 0x0000000086a00000| Untracked 
|  85|0x0000000086b00000, 0x0000000086b00000, 0x0000000086c00000|  0%| F|  |TAMS 0x0000000086b00000, 0x0000000086b00000| Untracked 
|  86|0x0000000086c00000, 0x0000000086c00000, 0x0000000086d00000|  0%| F|  |TAMS 0x0000000086c00000, 0x0000000086c00000| Untracked 
|  87|0x0000000086d00000, 0x0000000086d00000, 0x0000000086e00000|  0%| F|  |TAMS 0x0000000086d00000, 0x0000000086d00000| Untracked 
|  88|0x0000000086e00000, 0x0000000086e00000, 0x0000000086f00000|  0%| F|  |TAMS 0x0000000086e00000, 0x0000000086e00000| Untracked 
|  89|0x0000000086f00000, 0x0000000086f00000, 0x0000000087000000|  0%| F|  |TAMS 0x0000000086f00000, 0x0000000086f00000| Untracked 
|  90|0x0000000087000000, 0x0000000087000000, 0x0000000087100000|  0%| F|  |TAMS 0x0000000087000000, 0x0000000087000000| Untracked 
|  91|0x0000000087100000, 0x0000000087100000, 0x0000000087200000|  0%| F|  |TAMS 0x0000000087100000, 0x0000000087100000| Untracked 
|  92|0x0000000087200000, 0x0000000087200000, 0x0000000087300000|  0%| F|  |TAMS 0x0000000087200000, 0x0000000087200000| Untracked 
|  93|0x0000000087300000, 0x0000000087300000, 0x0000000087400000|  0%| F|  |TAMS 0x0000000087300000, 0x0000000087300000| Untracked 
|  94|0x0000000087400000, 0x0000000087400000, 0x0000000087500000|  0%| F|  |TAMS 0x0000000087400000, 0x0000000087400000| Untracked 
|  95|0x0000000087500000, 0x0000000087500000, 0x0000000087600000|  0%| F|  |TAMS 0x0000000087500000, 0x0000000087500000| Untracked 
|  96|0x0000000087600000, 0x0000000087600000, 0x0000000087700000|  0%| F|  |TAMS 0x0000000087600000, 0x0000000087600000| Untracked 
|  97|0x0000000087700000, 0x0000000087700000, 0x0000000087800000|  0%| F|  |TAMS 0x0000000087700000, 0x0000000087700000| Untracked 
|  98|0x0000000087800000, 0x0000000087800000, 0x0000000087900000|  0%| F|  |TAMS 0x0000000087800000, 0x0000000087800000| Untracked 
|  99|0x0000000087900000, 0x0000000087900000, 0x0000000087a00000|  0%| F|  |TAMS 0x0000000087900000, 0x0000000087900000| Untracked 
| 100|0x0000000087a00000, 0x0000000087a00000, 0x0000000087b00000|  0%| F|  |TAMS 0x0000000087a00000, 0x0000000087a00000| Untracked 
| 101|0x0000000087b00000, 0x0000000087b00000, 0x0000000087c00000|  0%| F|  |TAMS 0x0000000087b00000, 0x0000000087b00000| Untracked 
| 102|0x0000000087c00000, 0x0000000087c00000, 0x0000000087d00000|  0%| F|  |TAMS 0x0000000087c00000, 0x0000000087c00000| Untracked 
| 103|0x0000000087d00000, 0x0000000087d00000, 0x0000000087e00000|  0%| F|  |TAMS 0x0000000087d00000, 0x0000000087d00000| Untracked 
| 104|0x0000000087e00000, 0x0000000087e00000, 0x0000000087f00000|  0%| F|  |TAMS 0x0000000087e00000, 0x0000000087e00000| Untracked 
| 105|0x0000000087f00000, 0x0000000087f00000, 0x0000000088000000|  0%| F|  |TAMS 0x0000000087f00000, 0x0000000087f00000| Untracked 
| 106|0x0000000088000000, 0x0000000088000000, 0x0000000088100000|  0%| F|  |TAMS 0x0000000088000000, 0x0000000088000000| Untracked 
| 107|0x0000000088100000, 0x0000000088100000, 0x0000000088200000|  0%| F|  |TAMS 0x0000000088100000, 0x0000000088100000| Untracked 
| 108|0x0000000088200000, 0x0000000088200000, 0x0000000088300000|  0%| F|  |TAMS 0x0000000088200000, 0x0000000088200000| Untracked 
| 109|0x0000000088300000, 0x0000000088300000, 0x0000000088400000|  0%| F|  |TAMS 0x0000000088300000, 0x0000000088300000| Untracked 
| 110|0x0000000088400000, 0x0000000088400000, 0x0000000088500000|  0%| F|  |TAMS 0x0000000088400000, 0x0000000088400000| Untracked 
| 111|0x0000000088500000, 0x0000000088500000, 0x0000000088600000|  0%| F|  |TAMS 0x0000000088500000, 0x0000000088500000| Untracked 
| 112|0x0000000088600000, 0x0000000088600000, 0x0000000088700000|  0%| F|  |TAMS 0x0000000088600000, 0x0000000088600000| Untracked 
| 113|0x0000000088700000, 0x0000000088700000, 0x0000000088800000|  0%| F|  |TAMS 0x0000000088700000, 0x0000000088700000| Untracked 
| 114|0x0000000088800000, 0x0000000088800000, 0x0000000088900000|  0%| F|  |TAMS 0x0000000088800000, 0x0000000088800000| Untracked 
| 115|0x0000000088900000, 0x0000000088900000, 0x0000000088a00000|  0%| F|  |TAMS 0x0000000088900000, 0x0000000088900000| Untracked 
| 116|0x0000000088a00000, 0x0000000088a00000, 0x0000000088b00000|  0%| F|  |TAMS 0x0000000088a00000, 0x0000000088a00000| Untracked 
| 117|0x0000000088b00000, 0x0000000088b00000, 0x0000000088c00000|  0%| F|  |TAMS 0x0000000088b00000, 0x0000000088b00000| Untracked 
| 118|0x0000000088c00000, 0x0000000088c00000, 0x0000000088d00000|  0%| F|  |TAMS 0x0000000088c00000, 0x0000000088c00000| Untracked 
| 119|0x0000000088d00000, 0x0000000088d00000, 0x0000000088e00000|  0%| F|  |TAMS 0x0000000088d00000, 0x0000000088d00000| Untracked 
| 120|0x0000000088e00000, 0x0000000088e00000, 0x0000000088f00000|  0%| F|  |TAMS 0x0000000088e00000, 0x0000000088e00000| Untracked 
| 121|0x0000000088f00000, 0x0000000088f00000, 0x0000000089000000|  0%| F|  |TAMS 0x0000000088f00000, 0x0000000088f00000| Untracked 
| 122|0x0000000089000000, 0x0000000089000000, 0x0000000089100000|  0%| F|  |TAMS 0x0000000089000000, 0x0000000089000000| Untracked 
| 123|0x0000000089100000, 0x0000000089100000, 0x0000000089200000|  0%| F|  |TAMS 0x0000000089100000, 0x0000000089100000| Untracked 
| 124|0x0000000089200000, 0x0000000089200000, 0x0000000089300000|  0%| F|  |TAMS 0x0000000089200000, 0x0000000089200000| Untracked 
| 125|0x0000000089300000, 0x0000000089300000, 0x0000000089400000|  0%| F|  |TAMS 0x0000000089300000, 0x0000000089300000| Untracked 
| 126|0x0000000089400000, 0x00000000894d7970, 0x0000000089500000| 84%| E|  |TAMS 0x0000000089400000, 0x0000000089400000| Complete 
| 127|0x0000000089500000, 0x0000000089600000, 0x0000000089600000|100%| E|CS|TAMS 0x0000000089500000, 0x0000000089500000| Complete 

Card table byte_map: [0x0000014c7eff0000,0x0000014c7f3f0000] _byte_map_base: 0x0000014c7ebe5000

Marking Bits (Prev, Next): (CMBitMap*) 0x0000014c7eb4d738, (CMBitMap*) 0x0000014c7eb4d770
 Prev Bits: [0x0000014c12a20000, 0x0000014c149c8000)
 Next Bits: [0x0000014c149d0000, 0x0000014c16978000)

Polling page: 0x0000014c7cc90000

Metaspace:

Usage:
  Non-class:      5.24 MB capacity,     5.20 MB (>99%) used,    29.45 KB ( <1%) free+waste,     3.00 KB ( <1%) overhead. 
      Class:    537.00 KB capacity,   503.42 KB ( 94%) used,    32.08 KB (  6%) free+waste,     1.50 KB ( <1%) overhead. 
       Both:      5.76 MB capacity,     5.70 MB ( 99%) used,    61.53 KB (  1%) free+waste,     4.50 KB ( <1%) overhead. 

Virtual space:
  Non-class space:        8.00 MB reserved,       5.25 MB ( 66%) committed 
      Class space:        1.00 GB reserved,     640.00 KB ( <1%) committed 
             Both:        1.01 GB reserved,       5.88 MB ( <1%) committed 

Chunk freelists:
   Non-Class:  15.00 KB
       Class:  7.00 KB
        Both:  22.00 KB

MaxMetaspaceSize: 17179869184.00 GB
CompressedClassSpaceSize: 1.00 GB

CodeHeap 'non-profiled nmethods': size=120064Kb used=53Kb max_used=53Kb free=120010Kb
 bounds [0x0000014c0b4e0000, 0x0000014c0b750000, 0x0000014c12a20000]
CodeHeap 'profiled nmethods': size=120000Kb used=230Kb max_used=230Kb free=119769Kb
 bounds [0x0000014c03fb0000, 0x0000014c04220000, 0x0000014c0b4e0000]
CodeHeap 'non-nmethods': size=5696Kb used=1052Kb max_used=1064Kb free=4643Kb
 bounds [0x0000014c03a20000, 0x0000014c03c90000, 0x0000014c03fb0000]
 total_blobs=540 nmethods=198 adapters=254
 compilation: enabled
              stopped_count=0, restarted_count=0
 full_count=0

Compilation events (20 events):
Event: 0.255 Thread 0x0000014c7fd0a000  184       3       jdk.internal.org.objectweb.asm.ClassWriter::put (152 bytes)
Event: 0.256 Thread 0x0000014c7fd0a000 nmethod 184 0x0000014c03fe4b90 code [0x0000014c03fe4dc0, 0x0000014c03fe5618]
Event: 0.256 Thread 0x0000014c7fd0a000  187       3       java.lang.Number::<init> (5 bytes)
Event: 0.256 Thread 0x0000014c7fd0a000 nmethod 187 0x0000014c03fe5910 code [0x0000014c03fe5ac0, 0x0000014c03fe5c18]
Event: 0.256 Thread 0x0000014c7fd0a000  182       3       jdk.internal.org.objectweb.asm.ClassWriter::newUTF8 (70 bytes)
Event: 0.257 Thread 0x0000014c7fd0a000 nmethod 182 0x0000014c03fe5d10 code [0x0000014c03fe5f20, 0x0000014c03fe6298]
Event: 0.257 Thread 0x0000014c7fd0a000  185       3       java.lang.invoke.MethodType::makeImpl (108 bytes)
Event: 0.258 Thread 0x0000014c7fd0a000 nmethod 185 0x0000014c03fe6490 code [0x0000014c03fe6760, 0x0000014c03fe7558]
Event: 0.259 Thread 0x0000014c7fd0a000  190       3       java.lang.invoke.LambdaForm$Name::initIndex (26 bytes)
Event: 0.259 Thread 0x0000014c7fd0a000 nmethod 190 0x0000014c03fe7a10 code [0x0000014c03fe7bc0, 0x0000014c03fe7d58]
Event: 0.259 Thread 0x0000014c7fd0a000  186       3       jdk.internal.org.objectweb.asm.ByteVector::putShort (52 bytes)
Event: 0.259 Thread 0x0000014c7fd0a000 nmethod 186 0x0000014c03fe7e10 code [0x0000014c03fe7fe0, 0x0000014c03fe81e8]
Event: 0.259 Thread 0x0000014c7fd0a000  189       3       java.lang.invoke.MemberName::testAllFlags (7 bytes)
Event: 0.259 Thread 0x0000014c7fd00800 nmethod 176 0x0000014c0b4ec510 code [0x0000014c0b4ec6a0, 0x0000014c0b4ec898]
Event: 0.260 Thread 0x0000014c7fd0a000 nmethod 189 0x0000014c03fe8310 code [0x0000014c03fe84c0, 0x0000014c03fe8678]
Event: 0.260 Thread 0x0000014c7fd0a000  179       3       sun.invoke.util.Wrapper::findPrimitiveType (25 bytes)
Event: 0.261 Thread 0x0000014c7fd0a000 nmethod 179 0x0000014c03fe8710 code [0x0000014c03fe89a0, 0x0000014c03fe9488]
Event: 0.261 Thread 0x0000014c7fd0a000  192       3       jdk.internal.org.objectweb.asm.Frame::execute (2264 bytes)
Event: 0.263 Thread 0x0000014c7fd00800  202       4       java.lang.StringLatin1::charAt (28 bytes)
Event: 0.264 Thread 0x0000014c7fd00800 nmethod 202 0x0000014c0b4ed410 code [0x0000014c0b4ed5a0, 0x0000014c0b4ed618]

GC Heap History (0 events):
No events

Deoptimization events (4 events):
Event: 0.155 Thread 0x0000014c7eb0d000 Uncommon trap: trap_request=0xffffff4d fr.pc=0x0000014c0b4e3bfc relative=0x00000000000001dc
Event: 0.155 Thread 0x0000014c7eb0d000 Uncommon trap: reason=unstable_if action=reinterpret pc=0x0000014c0b4e3bfc method=java.lang.String.hashCode()I @ 14 c2
Event: 0.155 Thread 0x0000014c7eb0d000 DEOPT PACKING pc=0x0000014c0b4e3bfc sp=0x0000004769afd770
Event: 0.155 Thread 0x0000014c7eb0d000 DEOPT UNPACKING pc=0x0000014c03a4662f sp=0x0000004769afd708 mode 2

Classes redefined (0 events):
No events

Internal exceptions (0 events):
No events

Events (20 events):
Event: 0.246 loading class java/lang/invoke/BoundMethodHandle$Species_LLL done
Event: 0.248 loading class java/lang/invoke/BoundMethodHandle$Species_LLLL
Event: 0.248 loading class java/lang/invoke/BoundMethodHandle$Species_LLLL done
Event: 0.251 loading class java/lang/invoke/BoundMethodHandle$Species_LLLLL
Event: 0.252 loading class java/lang/invoke/BoundMethodHandle$Species_LLLLL done
Event: 0.254 loading class java/lang/invoke/BoundMethodHandle$Species_LLLLLL
Event: 0.254 loading class java/lang/invoke/BoundMethodHandle$Species_LLLLLL done
Event: 0.255 loading class java/lang/Byte$ByteCache
Event: 0.255 loading class java/lang/Byte$ByteCache done
Event: 0.256 loading class java/lang/invoke/MethodHandles$1
Event: 0.256 loading class java/lang/invoke/MethodHandles$1 done
Event: 0.256 loading class java/lang/invoke/BoundMethodHandle$Species_LLLLLLI
Event: 0.257 loading class java/lang/invoke/BoundMethodHandle$Species_LLLLLLI done
Event: 0.258 loading class sun/invoke/util/ValueConversions$WrapperCache
Event: 0.259 loading class sun/invoke/util/ValueConversions$WrapperCache done
Event: 0.259 loading class java/lang/invoke/BoundMethodHandle$Species_LLLLLLII
Event: 0.259 loading class java/lang/invoke/BoundMethodHandle$Species_LLLLLLII done
Event: 0.262 loading class java/lang/invoke/BoundMethodHandle$Species_LLLLLLIIL
Event: 0.262 loading class java/lang/invoke/BoundMethodHandle$Species_LLLLLLIIL done
Event: 0.265 loading class java/net/URL$2


Dynamic libraries:
0x00007ff73a3a0000 - 0x00007ff73a3aa000 	C:\Program Files\Android\Android Studio\jre\bin\java.exe
0x00007ffd575d0000 - 0x00007ffd577c5000 	C:\Windows\SYSTEM32\ntdll.dll
0x00007ffd57400000 - 0x00007ffd574be000 	C:\Windows\System32\KERNEL32.DLL
0x00007ffd55360000 - 0x00007ffd55628000 	C:\Windows\System32\KERNELBASE.dll
0x00007ffd55260000 - 0x00007ffd55360000 	C:\Windows\System32\ucrtbase.dll
0x00007ffd41f30000 - 0x00007ffd41f49000 	C:\Program Files\Android\Android Studio\jre\bin\jli.dll
0x00007ffd4e2b0000 - 0x00007ffd4e2c7000 	C:\Program Files\Android\Android Studio\jre\bin\VCRUNTIME140.dll
0x00007ffd55bd0000 - 0x00007ffd55d70000 	C:\Windows\System32\USER32.dll
0x00007ffd54d40000 - 0x00007ffd54d62000 	C:\Windows\System32\win32u.dll
0x00007ffd48db0000 - 0x00007ffd4904a000 	C:\Windows\WinSxS\amd64_microsoft.windows.common-controls_6595b64144ccf1df_6.0.19041.1110_none_60b5254171f9507e\COMCTL32.dll
0x00007ffd556f0000 - 0x00007ffd5571b000 	C:\Windows\System32\GDI32.dll
0x00007ffd55720000 - 0x00007ffd557be000 	C:\Windows\System32\msvcrt.dll
0x00007ffd54f40000 - 0x00007ffd5504b000 	C:\Windows\System32\gdi32full.dll
0x00007ffd54ea0000 - 0x00007ffd54f3d000 	C:\Windows\System32\msvcp_win.dll
0x00007ffd57130000 - 0x00007ffd57160000 	C:\Windows\System32\IMM32.DLL
0x00007ffd36800000 - 0x00007ffd3689d000 	C:\Program Files\Android\Android Studio\jre\bin\msvcp140.dll
0x00007ffd2a270000 - 0x00007ffd2ad45000 	C:\Program Files\Android\Android Studio\jre\bin\server\jvm.dll
0x00007ffd55b20000 - 0x00007ffd55bce000 	C:\Windows\System32\ADVAPI32.dll
0x00007ffd55650000 - 0x00007ffd556ec000 	C:\Windows\System32\sechost.dll
0x00007ffd55d70000 - 0x00007ffd55e95000 	C:\Windows\System32\RPCRT4.dll
0x00007ffd56980000 - 0x00007ffd56988000 	C:\Windows\System32\PSAPI.DLL
0x00007ffd507f0000 - 0x00007ffd507f9000 	C:\Windows\SYSTEM32\WSOCK32.dll
0x00007ffd491e0000 - 0x00007ffd49207000 	C:\Windows\SYSTEM32\WINMM.dll
0x00007ffd56910000 - 0x00007ffd5697b000 	C:\Windows\System32\WS2_32.dll
0x00007ffd46b00000 - 0x00007ffd46b0a000 	C:\Windows\SYSTEM32\VERSION.dll
0x00007ffd52de0000 - 0x00007ffd52df2000 	C:\Windows\SYSTEM32\kernel.appcore.dll
0x00007ffd4e4f0000 - 0x00007ffd4e501000 	C:\Program Files\Android\Android Studio\jre\bin\verify.dll
0x00007ffd462d0000 - 0x00007ffd464b4000 	C:\Windows\SYSTEM32\DBGHELP.DLL
0x00007ffd462a0000 - 0x00007ffd462cc000 	C:\Windows\SYSTEM32\dbgcore.DLL
0x00007ffd54e10000 - 0x00007ffd54e92000 	C:\Windows\System32\bcryptPrimitives.dll
0x00007ffd4e4c0000 - 0x00007ffd4e4e9000 	C:\Program Files\Android\Android Studio\jre\bin\java.dll
0x00007ffd51b00000 - 0x00007ffd51b0b000 	C:\Program Files\Android\Android Studio\jre\bin\jimage.dll
0x00007ffd4e380000 - 0x00007ffd4e398000 	C:\Program Files\Android\Android Studio\jre\bin\zip.dll
0x00007ffd55f80000 - 0x00007ffd566c4000 	C:\Windows\System32\SHELL32.dll
0x00007ffd52e00000 - 0x00007ffd53594000 	C:\Windows\SYSTEM32\windows.storage.dll
0x00007ffd557c0000 - 0x00007ffd55b14000 	C:\Windows\System32\combase.dll
0x00007ffd54680000 - 0x00007ffd546ac000 	C:\Windows\SYSTEM32\Wldp.dll
0x00007ffd566d0000 - 0x00007ffd5677d000 	C:\Windows\System32\SHCORE.dll
0x00007ffd55f20000 - 0x00007ffd55f75000 	C:\Windows\System32\shlwapi.dll
0x00007ffd54c30000 - 0x00007ffd54c4f000 	C:\Windows\SYSTEM32\profapi.dll
0x00007ffd4e360000 - 0x00007ffd4e37a000 	C:\Program Files\Android\Android Studio\jre\bin\net.dll
0x00007ffd4f430000 - 0x00007ffd4f539000 	C:\Windows\SYSTEM32\WINHTTP.dll
0x00007ffd543e0000 - 0x00007ffd5444a000 	C:\Windows\system32\mswsock.dll
0x00007ffd4e340000 - 0x00007ffd4e354000 	C:\Program Files\Android\Android Studio\jre\bin\nio.dll

dbghelp: loaded successfully - version: 4.0.5 - missing functions: none
symbol engine: initialized successfully - sym options: 0x614 - pdb path: .;C:\Program Files\Android\Android Studio\jre\bin;C:\Windows\SYSTEM32;C:\Windows\WinSxS\amd64_microsoft.windows.common-controls_6595b64144ccf1df_6.0.19041.1110_none_60b5254171f9507e;C:\Program Files\Android\Android Studio\jre\bin\server

VM Arguments:
java_command: org.jetbrains.git4idea.http.GitAskPassApp Username for 'https://github.com': 
java_class_path (initial): C:/Program Files/Android/Android Studio/plugins/git4idea/lib/git4idea-rt.jar;C:/Program Files/Android/Android Studio/lib/xmlrpc-2.0.1.jar;C:/Program Files/Android/Android Studio/lib/commons-codec-1.15.jar
Launcher Type: SUN_STANDARD

[Global flags]
     intx CICompilerCount                          = 3                                         {product} {ergonomic}
     uint ConcGCThreads                            = 1                                         {product} {ergonomic}
     uint G1ConcRefinementThreads                  = 4                                         {product} {ergonomic}
   size_t G1HeapRegionSize                         = 1048576                                   {product} {ergonomic}
    uintx GCDrainStackTargetSize                   = 64                                        {product} {ergonomic}
   size_t InitialHeapSize                          = 134217728                                 {product} {ergonomic}
   size_t MarkStackSize                            = 4194304                                   {product} {ergonomic}
   size_t MaxHeapSize                              = 2124414976                                {product} {ergonomic}
   size_t MaxNewSize                               = 1274019840                                {product} {ergonomic}
   size_t MinHeapDeltaBytes                        = 1048576                                   {product} {ergonomic}
    uintx NonNMethodCodeHeapSize                   = 5830732                                {pd product} {ergonomic}
    uintx NonProfiledCodeHeapSize                  = 122913754                              {pd product} {ergonomic}
    uintx ProfiledCodeHeapSize                     = 122913754                              {pd product} {ergonomic}
    uintx ReservedCodeCacheSize                    = 251658240                              {pd product} {ergonomic}
     bool SegmentedCodeCache                       = true                                      {product} {ergonomic}
     bool UseCompressedClassPointers               = true                                 {lp64_product} {ergonomic}
     bool UseCompressedOops                        = true                                 {lp64_product} {ergonomic}
     bool UseG1GC                                  = true                                      {product} {ergonomic}
     bool UseLargePagesIndividualAllocation        = false                                  {pd product} {ergonomic}

Logging:
Log output configuration:
 #0: stdout all=warning uptime,level,tags
 #1: stderr all=off uptime,level,tags

Environment Variables:
PATH=C:/Program Files/Git/mingw64/libexec/git-core;C:/Program Files/Git/mingw64/libexec/git-core;C:\Program Files\Git\mingw64\bin;C:\Program Files\Git\usr\bin;C:\Users\DELL\bin;C:\Program Files\Eclipse Foundation\jdk-16.0.2.7-hotspot\bin;C:\Program Files (x86)\Common Files\Oracle\Java\javapath;C:\Program Files (x86)\Intel\iCLS Client\;C:\Program Files\Intel\iCLS Client\;C:\Windows\system32;C:\Windows;C:\Windows\System32\Wbem;C:\Windows\System32\WindowsPowerShell\v1.0\;C:\Windows\System32\OpenSSH\;C:\Program Files (x86)\Intel\Intel(R) Management Engine Components\DAL;C:\Program Files\Intel\Intel(R) Management Engine Components\DAL;C:\Program Files (x86)\Intel\Intel(R) Management Engine Components\IPT;C:\Program Files\Intel\Intel(R) Management Engine Components\IPT;C:\VituralBoxMachines;C:\Program Files\Microsoft SQL Server\130\Tools\Binn\;C:\Program Files\Microsoft SQL Server\Client SDK\ODBC\170\Tools\Binn\;C:\Program Files\Git\cmd;C:\Program Files\dotnet\;C:\Users\DELL\AppData\Roaming\nvm;C:\Program Files\nodejs;C:\Program Files\MySQL\MySQL Shell 8.0\bin\;C:\Users\DELL\AppData\Local\Programs\Python\Python39\Scripts\;C:\Users\DELL\AppData\Local\Programs\Python\Python39\;C:\Users\DELL\AppData\Local\Microsoft\WindowsApps;C:\Users\DELL\AppData\Local\Programs\Microsoft VS Code\bin;C:\Users\DELL\AppData\Local\GitHubDesktop\bin;C:\Users\DELL\.dotnet\tools;C:\Users\DELL\AppData\Roaming\nvm;C:\Program Files\nodejs
USERNAME=DELL
DISPLAY=:0.0
LC_ALL=en_US.UTF-8
OS=Windows_NT
PROCESSOR_IDENTIFIER=Intel64 Family 6 Model 69 Stepping 1, GenuineIntel



---------------  S Y S T E M  ---------------

OS: Windows 10 , 64 bit Build 19041 (10.0.19041.1566)
OS uptime: 1 days 22:26 hours

CPU:total 4 (initial active 4) (2 cores per cpu, 2 threads per core) family 6 model 69 stepping 1 microcode 0x25, cmov, cx8, fxsr, mmx, sse, sse2, sse3, ssse3, sse4.1, sse4.2, popcnt, avx, avx2, aes, clmul, erms, lzcnt, ht, tsc, tscinvbit, bmi1, bmi2, fma

Memory: 4k page, system-wide physical 8097M (1104M free)
TotalPageFile size 10297M (AvailPageFile size 4M)
current process WorkingSet (physical memory assigned to process): 37M, peak: 37M
current process commit charge ("private bytes"): 197M, peak: 197M

vm_info: OpenJDK 64-Bit Server VM (11.0.11+9-b60-7590822) for windows-amd64 JRE (11.0.11+9-b60-7590822), built on Jul 29 2021 21:43:44 by "builder" with MS VC++ 14.0 (VS2015)

END.
